2025-09-07T14:53:13+00:00	fluent.info	{"pid":17,"ppid":8,"worker":0,"message":"starting fluentd worker pid=17 ppid=8 worker=0"}
2025-09-07T14:53:13+00:00	fluent.info	{"port":24224,"bind":"0.0.0.0","message":"listening port port=24224 bind=\"0.0.0.0\""}
2025-09-07T14:53:13+00:00	fluent.info	{"worker":0,"message":"fluentd worker is now running worker=0"}
2025-09-07T14:53:13+00:00	myapp.log	{"file":"/var/log/syslog","message":"Sep  7 20:23:13 cognitive avahi-daemon[1074]: Joining mDNS multicast group on interface vethc97554e.IPv6 with address fe80::e0e2:bfff:fed4:8490."}
2025-09-07T14:53:13+00:00	myapp.log	{"file":"/var/log/syslog","message":"Sep  7 20:23:13 cognitive avahi-daemon[1074]: New relevant interface vethc97554e.IPv6 for mDNS."}
2025-09-07T14:53:13+00:00	myapp.log	{"file":"/var/log/syslog","message":"Sep  7 20:23:13 cognitive avahi-daemon[1074]: Registering new address record for fe80::e0e2:bfff:fed4:8490 on vethc97554e.*."}
2025-09-07T14:53:14+00:00	myapp.log	{"file":"/var/log/syslog","message":"Sep  7 20:23:14 cognitive gsd-media-keys[16611]: info(grid): loaded OpenGL 4.6"}
2025-09-07T14:53:14+00:00	myapp.log	{"file":"/var/log/syslog","message":"Sep  7 20:23:14 cognitive gsd-media-keys[16611]: info(io_exec): found Ghostty resources dir: /usr/share/ghostty"}
2025-09-07T14:53:14+00:00	myapp.log	{"file":"/var/log/syslog","message":"Sep  7 20:23:14 cognitive gsd-media-keys[16611]: info(io_exec): shell integration automatically injected shell=termio.shell_integration.Shell.fish"}
2025-09-07T14:53:14+00:00	myapp.log	{"file":"/var/log/syslog","message":"Sep  7 20:23:14 cognitive gsd-media-keys[16611]: warning(gtk): unimplemented action=apprt.action.Action.Key.cell_size"}
2025-09-07T14:53:14+00:00	myapp.log	{"file":"/var/log/syslog","message":"Sep  7 20:23:14 cognitive gsd-media-keys[16611]: warning(gtk): unimplemented action=apprt.action.Action.Key.cell_size"}
2025-09-07T14:53:14+00:00	myapp.log	{"file":"/var/log/syslog","message":"Sep  7 20:23:14 cognitive gsd-media-keys[16611]: info(io_exec): started subcommand path=/bin/sh pid=221377"}
2025-09-07T14:53:14+00:00	myapp.log	{"file":"/var/log/syslog","message":"Sep  7 20:23:14 cognitive gsd-media-keys[16611]: info(io_exec): subcommand cgroup=/user.slice/user-1000.slice/user@1000.service/app.slice/app-ghostty-transient-16611.scope/surfaces/5D79E9E4EC90.scope"}
2025-09-07T14:53:14+00:00	myapp.log	{"file":"/var/log/syslog","message":"Sep  7 20:23:14 cognitive gsd-media-keys[16611]: warning(stream): unimplemented OSC callback: terminal.osc.Command{ .end_of_command = terminal.osc.Command.Command__struct_91272{ .exit_code = null } }"}
2025-09-07T14:53:14+00:00	myapp.log	{"file":"/var/log/syslog","message":"Sep  7 20:23:14 cognitive gsd-media-keys[16611]: warning(stream): unimplemented OSC command: end_of_command"}
2025-09-07T14:53:14+00:00	myapp.log	{"file":"/var/log/syslog","message":"Sep  7 20:23:14 cognitive gsd-media-keys[16611]: info(grid): reallocating GPU buffer old=0 new=105"}
2025-09-07T14:53:15+00:00	myapp.log	{"file":"/var/log/syslog","message":"Sep  7 20:23:15 cognitive gsd-media-keys[16611]: warning(stream): unimplemented OSC callback: terminal.osc.Command{ .end_of_command = terminal.osc.Command.Command__struct_91272{ .exit_code = 0 } }"}
2025-09-07T14:53:15+00:00	myapp.log	{"file":"/var/log/syslog","message":"Sep  7 20:23:15 cognitive gsd-media-keys[16611]: warning(stream): unimplemented OSC command: end_of_command"}
2025-09-07T14:53:15+00:00	myapp.log	{"file":"/var/log/syslog","message":"Sep  7 20:23:15 cognitive gsd-media-keys[16611]: warning(stream): unimplemented OSC callback: terminal.osc.Command{ .end_of_command = terminal.osc.Command.Command__struct_91272{ .exit_code = null } }"}
2025-09-07T14:53:15+00:00	myapp.log	{"file":"/var/log/syslog","message":"Sep  7 20:23:15 cognitive gsd-media-keys[16611]: warning(stream): unimplemented OSC command: end_of_command"}
2025-09-07T14:53:15+00:00	myapp.log	{"file":"/var/log/syslog","message":"Sep  7 20:23:15 cognitive gsd-media-keys[16611]: info(grid): reallocating GPU buffer old=105 new=165"}
2025-09-07T14:53:15+00:00	myapp.log	{"file":"/var/log/syslog","message":"Sep  7 20:23:15 cognitive gsd-media-keys[16611]: warning(stream): unimplemented OSC callback: terminal.osc.Command{ .end_of_command = terminal.osc.Command.Command__struct_91272{ .exit_code = 0 } }"}
2025-09-07T14:53:15+00:00	myapp.log	{"file":"/var/log/syslog","message":"Sep  7 20:23:15 cognitive gsd-media-keys[16611]: warning(stream): unimplemented OSC command: end_of_command"}
2025-09-07T14:53:15+00:00	myapp.log	{"file":"/var/log/syslog","message":"Sep  7 20:23:15 cognitive gsd-media-keys[16611]: warning(stream): unimplemented OSC callback: terminal.osc.Command{ .end_of_command = terminal.osc.Command.Command__struct_91272{ .exit_code = null } }"}
2025-09-07T14:53:15+00:00	myapp.log	{"file":"/var/log/syslog","message":"Sep  7 20:23:15 cognitive gsd-media-keys[16611]: warning(stream): unimplemented OSC command: end_of_command"}
2025-09-07T14:53:15+00:00	myapp.log	{"file":"/var/log/syslog","message":"Sep  7 20:23:15 cognitive gsd-media-keys[16611]: info(grid): reallocating GPU buffer old=165 new=255"}
2025-09-07T14:53:16+00:00	myapp.log	{"file":"/var/log/syslog","message":"Sep  7 20:23:16 cognitive gsd-media-keys[16611]: warning(stream): unimplemented OSC callback: terminal.osc.Command{ .end_of_command = terminal.osc.Command.Command__struct_91272{ .exit_code = 0 } }"}
2025-09-07T14:53:16+00:00	myapp.log	{"file":"/var/log/syslog","message":"Sep  7 20:23:16 cognitive gsd-media-keys[16611]: warning(stream): unimplemented OSC command: end_of_command"}
2025-09-07T14:53:16+00:00	myapp.log	{"file":"/var/log/syslog","message":"Sep  7 20:23:16 cognitive gsd-media-keys[16611]: warning(stream): unimplemented OSC callback: terminal.osc.Command{ .end_of_command = terminal.osc.Command.Command__struct_91272{ .exit_code = null } }"}
2025-09-07T14:53:16+00:00	myapp.log	{"file":"/var/log/syslog","message":"Sep  7 20:23:16 cognitive gsd-media-keys[16611]: warning(stream): unimplemented OSC command: end_of_command"}
2025-09-07T14:53:16+00:00	myapp.log	{"file":"/var/log/syslog","message":"Sep  7 20:23:16 cognitive gsd-media-keys[16611]: info(grid): reallocating GPU buffer old=255 new=593"}
2025-09-07T14:53:21+00:00	myapp.log	{"file":"/var/log/syslog","message":"Sep  7 20:23:21 cognitive gsd-media-keys[16611]: warning(gtk): unimplemented action=apprt.action.Action.Key.key_sequence"}
2025-09-07T14:53:27+00:00	myapp.log	{"file":"/var/log/syslog","message":"Sep  7 20:23:23 cognitive gsd-media-keys[16611]: message repeated 2 times: [ warning(gtk): unimplemented action=apprt.action.Action.Key.key_sequence]"}
2025-09-07T14:53:27+00:00	myapp.log	{"file":"/var/log/syslog","message":"Sep  7 20:23:27 cognitive gsd-media-keys[16611]: warning(stream): ignoring CSI t with unimplemented parameter: ESC [  { 8, 34, 141 } t"}
2025-09-07T14:53:27+00:00	myapp.log	{"file":"/var/log/syslog","message":"Sep  7 20:23:27 cognitive gsd-media-keys[16611]: info(grid): reallocating GPU buffer old=593 new=6911"}
2025-09-07T14:53:29+00:00	myapp.log	{"file":"/var/log/syslog","message":"Sep  7 20:23:29 cognitive gsd-media-keys[16611]: warning(gtk): unimplemented action=apprt.action.Action.Key.key_sequence"}
2025-09-07T14:53:36+00:00	myapp.log	{"file":"/var/log/syslog","message":"Sep  7 20:23:33 cognitive gsd-media-keys[16611]: message repeated 2 times: [ warning(gtk): unimplemented action=apprt.action.Action.Key.key_sequence]"}
2025-09-07T14:53:36+00:00	myapp.log	{"file":"/var/log/syslog","message":"Sep  7 20:23:36 cognitive gsd-media-keys[16611]: warning(stream): unimplemented OSC callback: terminal.osc.Command{ .end_of_command = terminal.osc.Command.Command__struct_91272{ .exit_code = 0 } }"}
2025-09-07T14:53:36+00:00	myapp.log	{"file":"/var/log/syslog","message":"Sep  7 20:23:36 cognitive gsd-media-keys[16611]: warning(stream): unimplemented OSC command: end_of_command"}
2025-09-07T14:53:36+00:00	myapp.log	{"file":"/var/log/syslog","message":"Sep  7 20:23:36 cognitive gsd-media-keys[16611]: warning(stream): unimplemented OSC callback: terminal.osc.Command{ .end_of_command = terminal.osc.Command.Command__struct_91272{ .exit_code = null } }"}
2025-09-07T14:53:36+00:00	myapp.log	{"file":"/var/log/syslog","message":"Sep  7 20:23:36 cognitive gsd-media-keys[16611]: warning(stream): unimplemented OSC command: end_of_command"}
2025-09-07T14:53:37+00:00	myapp.log	{"file":"/var/log/syslog","message":"Sep  7 20:23:37 cognitive gsd-media-keys[16611]: warning(gtk): unimplemented action=apprt.action.Action.Key.key_sequence"}
2025-09-07T14:54:31+00:00	myapp.log	{"file":"/var/log/syslog","message":"Sep  7 20:23:37 cognitive gsd-media-keys[16611]: warning(gtk): unimplemented action=apprt.action.Action.Key.key_sequence"}
2025-09-07T14:54:31+00:00	myapp.log	{"file":"/var/log/syslog","message":"Sep  7 20:24:31 cognitive gsd-media-keys[16611]: info(grid): loaded OpenGL 4.6"}
2025-09-07T14:54:31+00:00	myapp.log	{"file":"/var/log/syslog","message":"Sep  7 20:24:31 cognitive gsd-media-keys[16611]: info(io_exec): found Ghostty resources dir: /usr/share/ghostty"}
2025-09-07T14:54:31+00:00	myapp.log	{"file":"/var/log/syslog","message":"Sep  7 20:24:31 cognitive gsd-media-keys[16611]: info(io_exec): shell integration automatically injected shell=termio.shell_integration.Shell.fish"}
2025-09-07T14:54:31+00:00	myapp.log	{"file":"/var/log/syslog","message":"Sep  7 20:24:31 cognitive gsd-media-keys[16611]: warning(gtk): unimplemented action=apprt.action.Action.Key.cell_size"}
2025-09-07T14:54:31+00:00	myapp.log	{"file":"/var/log/syslog","message":"Sep  7 20:24:31 cognitive gsd-media-keys[16611]: warning(gtk): unimplemented action=apprt.action.Action.Key.cell_size"}
2025-09-07T14:54:31+00:00	myapp.log	{"file":"/var/log/syslog","message":"Sep  7 20:24:31 cognitive gsd-media-keys[16611]: info(io_exec): started subcommand path=/bin/sh pid=221471"}
2025-09-07T14:54:31+00:00	myapp.log	{"file":"/var/log/syslog","message":"Sep  7 20:24:31 cognitive gsd-media-keys[16611]: info(io_exec): subcommand cgroup=/user.slice/user-1000.slice/user@1000.service/app.slice/app-ghostty-transient-16611.scope/surfaces/5D79E97C9660.scope"}
2025-09-07T14:54:31+00:00	myapp.log	{"file":"/var/log/syslog","message":"Sep  7 20:24:31 cognitive gsd-media-keys[16611]: info(grid): reallocating GPU buffer old=0 new=20"}
2025-09-07T14:54:31+00:00	myapp.log	{"file":"/var/log/syslog","message":"Sep  7 20:24:31 cognitive gsd-media-keys[16611]: warning(stream): unimplemented OSC callback: terminal.osc.Command{ .end_of_command = terminal.osc.Command.Command__struct_91272{ .exit_code = null } }"}
2025-09-07T14:54:31+00:00	myapp.log	{"file":"/var/log/syslog","message":"Sep  7 20:24:31 cognitive gsd-media-keys[16611]: warning(stream): unimplemented OSC command: end_of_command"}
2025-09-07T14:54:31+00:00	myapp.log	{"file":"/var/log/syslog","message":"Sep  7 20:24:31 cognitive gsd-media-keys[16611]: info(grid): reallocating GPU buffer old=20 new=165"}
2025-09-07T14:54:32+00:00	myapp.log	{"file":"/var/log/syslog","message":"Sep  7 20:24:32 cognitive gsd-media-keys[16611]: info(grid): reallocating GPU buffer old=165 new=255"}
2025-09-07T14:54:33+00:00	myapp.log	{"file":"/var/log/syslog","message":"Sep  7 20:24:33 cognitive gsd-media-keys[16611]: info(grid): reallocating GPU buffer old=255 new=2037"}
2025-09-07T14:54:54+00:00	myapp.log	{"file":"/var/log/syslog","message":"Sep  7 20:24:54 cognitive gsd-media-keys[16611]: warning(gtk): unimplemented action=apprt.action.Action.Key.key_sequence"}
2025-09-07T14:55:01+00:00	myapp.log	{"file":"/var/log/syslog","message":"Sep  7 20:25:00 cognitive gsd-media-keys[16611]: message repeated 5 times: [ warning(gtk): unimplemented action=apprt.action.Action.Key.key_sequence]"}
2025-09-07T14:55:01+00:00	myapp.log	{"file":"/var/log/syslog","message":"Sep  7 20:25:01 cognitive CRON[221508]: (root) CMD (command -v debian-sa1 > /dev/null && debian-sa1 1 1)"}
2025-09-07T14:55:01+00:00	myapp.log	{"file":"/var/log/syslog","message":"Sep  7 20:25:01 cognitive gsd-media-keys[16611]: warning(gtk): unimplemented action=apprt.action.Action.Key.key_sequence"}
2025-09-07T14:55:04+00:00	myapp.log	{"file":"/var/log/syslog","message":"Sep  7 20:25:02 cognitive gsd-media-keys[16611]: message repeated 2 times: [ warning(gtk): unimplemented action=apprt.action.Action.Key.key_sequence]"}
2025-09-07T14:55:04+00:00	myapp.log	{"file":"/var/log/syslog","message":"Sep  7 20:25:04 cognitive gsd-media-keys[16611]: warning(stream): ignoring CSI t with unimplemented parameter: ESC [  { 8, 34, 141 } t"}
2025-09-07T14:55:07+00:00	myapp.log	{"file":"/var/log/syslog","message":"Sep  7 20:25:07 cognitive gsd-media-keys[16611]: warning(stream): unimplemented OSC callback: terminal.osc.Command{ .end_of_command = terminal.osc.Command.Command__struct_91272{ .exit_code = 0 } }"}
2025-09-07T14:55:07+00:00	myapp.log	{"file":"/var/log/syslog","message":"Sep  7 20:25:07 cognitive gsd-media-keys[16611]: warning(stream): unimplemented OSC command: end_of_command"}
2025-09-07T14:55:07+00:00	myapp.log	{"file":"/var/log/syslog","message":"Sep  7 20:25:07 cognitive gsd-media-keys[16611]: warning(stream): unimplemented OSC callback: terminal.osc.Command{ .end_of_command = terminal.osc.Command.Command__struct_91272{ .exit_code = null } }"}
2025-09-07T14:55:07+00:00	myapp.log	{"file":"/var/log/syslog","message":"Sep  7 20:25:07 cognitive gsd-media-keys[16611]: warning(stream): unimplemented OSC command: end_of_command"}
2025-09-07T14:55:18+00:00	myapp.log	{"file":"/var/log/syslog","message":"Sep  7 20:25:18 cognitive wpa_supplicant[1193]: wlo1: CTRL-EVENT-SIGNAL-CHANGE above=1 signal=-75 noise=9999 txrate=58500"}
2025-09-07T14:55:34+00:00	myapp.log	{"file":"/var/log/syslog","message":"Sep  7 20:25:34 cognitive wpa_supplicant[1193]: wlo1: CTRL-EVENT-SIGNAL-CHANGE above=1 signal=-75 noise=9999 txrate=65000"}
2025-09-07T14:55:37+00:00	myapp.log	{"file":"/var/log/syslog","message":"Sep  7 20:25:37 cognitive kernel: [269841.820402] Lockdown: systemd-logind: hibernation is restricted; see man kernel_lockdown.7"}
2025-09-07T14:55:42+00:00	myapp.log	{"file":"/var/log/syslog","message":"Sep  7 20:25:42 cognitive kernel: [269847.195022] Lockdown: systemd-logind: hibernation is restricted; see man kernel_lockdown.7"}
2025-09-07T14:55:46+00:00	myapp.log	{"file":"/var/log/syslog","message":"Sep  7 20:25:46 cognitive wpa_supplicant[1193]: wlo1: CTRL-EVENT-SIGNAL-CHANGE above=1 signal=-75 noise=9999 txrate=58500"}
2025-09-07T14:55:50+00:00	myapp.log	{"file":"/var/log/syslog","message":"Sep  7 20:25:50 cognitive wpa_supplicant[1193]: wlo1: CTRL-EVENT-SIGNAL-CHANGE above=1 signal=-75 noise=9999 txrate=52000"}
2025-09-07T14:55:52+00:00	myapp.log	{"file":"/var/log/syslog","message":"Sep  7 20:25:52 cognitive kernel: [269857.118701] Lockdown: systemd-logind: hibernation is restricted; see man kernel_lockdown.7"}
2025-09-07T14:56:08+00:00	myapp.log	{"file":"/var/log/syslog","message":"Sep  7 20:26:08 cognitive wpa_supplicant[1193]: wlo1: CTRL-EVENT-SIGNAL-CHANGE above=1 signal=-75 noise=9999 txrate=65000"}
2025-09-07T14:56:22+00:00	myapp.log	{"file":"/var/log/syslog","message":"Sep  7 20:26:22 cognitive wpa_supplicant[1193]: wlo1: CTRL-EVENT-SIGNAL-CHANGE above=1 signal=-74 noise=9999 txrate=58500"}
2025-09-07T14:56:30+00:00	myapp.log	{"file":"/var/log/syslog","message":"Sep  7 20:26:30 cognitive dbus-daemon[3313]: [session uid=1000 pid=3313] Activating service name='org.gnome.ControlCenter.SearchProvider' requested by ':1.29' (uid=1000 pid=3471 comm=\"/usr/bin/gnome-shell \" label=\"unconfined\")"}
2025-09-07T14:56:30+00:00	myapp.log	{"file":"/var/log/syslog","message":"Sep  7 20:26:30 cognitive dbus-daemon[3313]: [session uid=1000 pid=3313] Activating service name='org.gnome.Nautilus' requested by ':1.29' (uid=1000 pid=3471 comm=\"/usr/bin/gnome-shell \" label=\"unconfined\")"}
2025-09-07T14:56:30+00:00	myapp.log	{"file":"/var/log/syslog","message":"Sep  7 20:26:30 cognitive dbus-daemon[3313]: [session uid=1000 pid=3313] Activating service name='org.gnome.Calculator.SearchProvider' requested by ':1.29' (uid=1000 pid=3471 comm=\"/usr/bin/gnome-shell \" label=\"unconfined\")"}
2025-09-07T14:56:30+00:00	myapp.log	{"file":"/var/log/syslog","message":"Sep  7 20:26:30 cognitive dbus-daemon[3313]: [session uid=1000 pid=3313] Activating service name='org.gnome.Characters.BackgroundService' requested by ':1.29' (uid=1000 pid=3471 comm=\"/usr/bin/gnome-shell \" label=\"unconfined\")"}
2025-09-07T14:56:30+00:00	myapp.log	{"file":"/var/log/syslog","message":"Sep  7 20:26:30 cognitive dbus-daemon[3313]: [session uid=1000 pid=3313] Activating via systemd: service name='org.gnome.Terminal' unit='gnome-terminal-server.service' requested by ':1.29' (uid=1000 pid=3471 comm=\"/usr/bin/gnome-shell \" label=\"unconfined\")"}
2025-09-07T14:56:30+00:00	myapp.log	{"file":"/var/log/syslog","message":"Sep  7 20:26:30 cognitive dbus-daemon[3313]: [session uid=1000 pid=3313] Successfully activated service 'org.gnome.ControlCenter.SearchProvider'"}
2025-09-07T14:56:30+00:00	myapp.log	{"file":"/var/log/syslog","message":"Sep  7 20:26:30 cognitive systemd[3295]: Starting GNOME Terminal Server..."}
2025-09-07T14:56:30+00:00	myapp.log	{"file":"/var/log/syslog","message":"Sep  7 20:26:30 cognitive dbus-daemon[3313]: [session uid=1000 pid=3313] Successfully activated service 'org.gnome.Nautilus'"}
2025-09-07T14:56:30+00:00	myapp.log	{"file":"/var/log/syslog","message":"Sep  7 20:26:30 cognitive dbus-daemon[3313]: [session uid=1000 pid=3313] Successfully activated service 'org.gnome.Characters.BackgroundService'"}
2025-09-07T14:56:30+00:00	myapp.log	{"file":"/var/log/syslog","message":"Sep  7 20:26:30 cognitive dbus-daemon[3313]: [session uid=1000 pid=3313] Successfully activated service 'org.gnome.Calculator.SearchProvider'"}
2025-09-07T14:56:30+00:00	myapp.log	{"file":"/var/log/syslog","message":"Sep  7 20:26:30 cognitive dbus-daemon[3313]: [session uid=1000 pid=3313] Successfully activated service 'org.gnome.Terminal'"}
2025-09-07T14:56:30+00:00	myapp.log	{"file":"/var/log/syslog","message":"Sep  7 20:26:30 cognitive systemd[3295]: Started GNOME Terminal Server."}
2025-09-07T14:56:30+00:00	myapp.log	{"file":"/var/log/syslog","message":"Sep  7 20:26:30 cognitive nautilus[221732]: Connecting to org.freedesktop.Tracker3.Miner.Files"}
2025-09-07T14:56:30+00:00	myapp.log	{"file":"/var/log/syslog","message":"Sep  7 20:26:30 cognitive systemd[3295]: Started Application launched by gnome-shell."}
2025-09-07T14:56:31+00:00	myapp.log	{"file":"/var/log/syslog","message":"Sep  7 20:26:31 cognitive systemd[3295]: Started snap.spotify.spotify-a76dce37-1dbe-45f4-bc4b-ef14ecc97640.scope."}
2025-09-07T14:56:33+00:00	myapp.log	{"file":"/var/log/syslog","message":"Sep  7 20:26:33 cognitive kernel: [269897.919664] audit: type=1326 audit(1757256993.226:2300): auid=1000 uid=1000 gid=1000 ses=4 subj=snap.spotify.spotify pid=221864 comm=\"spotify\" exe=\"/snap/spotify/88/usr/share/spotify/spotify\" sig=0 arch=c000003e syscall=330 compat=0 ip=0x722f1f05d22b code=0x50000"}
2025-09-07T14:56:33+00:00	myapp.log	{"file":"/var/log/syslog","message":"Sep  7 20:26:33 cognitive kernel: [269897.919825] audit: type=1326 audit(1757256993.226:2301): auid=1000 uid=1000 gid=1000 ses=4 subj=snap.spotify.spotify pid=221863 comm=\"spotify\" exe=\"/snap/spotify/88/usr/share/spotify/spotify\" sig=0 arch=c000003e syscall=330 compat=0 ip=0x7f1c2ac0622b code=0x50000"}
2025-09-07T14:56:33+00:00	myapp.log	{"file":"/var/log/syslog","message":"Sep  7 20:26:33 cognitive kernel: [269897.941135] audit: type=1326 audit(1757256993.247:2302): auid=1000 uid=1000 gid=1000 ses=4 subj=snap.spotify.spotify pid=221782 comm=\"spotify\" exe=\"/snap/spotify/88/usr/share/spotify/spotify\" sig=0 arch=c000003e syscall=444 compat=0 ip=0x76119936695d code=0x50000"}
2025-09-07T14:56:33+00:00	myapp.log	{"file":"/var/log/syslog","message":"Sep  7 20:26:33 cognitive spotify[221782]: Not loading module \"atk-bridge\": The functionality is provided by GTK natively. Please try to not load it."}
2025-09-07T14:56:33+00:00	myapp.log	{"file":"/var/log/syslog","message":"Sep  7 20:26:33 cognitive kernel: [269898.179194] audit: type=1107 audit(1757256993.485:2303): pid=1103 uid=102 auid=4294967295 ses=4294967295 subj=unconfined msg='apparmor=\"DENIED\" operation=\"dbus_method_call\"  bus=\"system\" path=\"/\" interface=\"org.freedesktop.DBus.ObjectManager\" member=\"GetManagedObjects\" mask=\"send\" name=\"org.bluez\" pid=221782 label=\"snap.spotify.spotify\" peer_pid=1092 peer_label=\"unconfined\""}
2025-09-07T14:56:33+00:00	myapp.log	{"file":"/var/log/syslog","message":"Sep  7 20:26:33 cognitive kernel: [269898.179194]  exe=\"/usr/bin/dbus-daemon\" sauid=102 hostname=? addr=? terminal=?'"}
2025-09-07T14:56:33+00:00	myapp.log	{"file":"/var/log/syslog","message":"Sep  7 20:26:33 cognitive kernel: [269898.197098] audit: type=1326 audit(1757256993.503:2304): auid=1000 uid=1000 gid=1000 ses=4 subj=snap.spotify.spotify pid=221782 comm=\"spotify\" exe=\"/snap/spotify/88/usr/share/spotify/spotify\" sig=0 arch=c000003e syscall=314 compat=0 ip=0x76119936695d code=0x50000"}
2025-09-07T14:56:33+00:00	myapp.log	{"file":"/var/log/syslog","message":"Sep  7 20:26:33 cognitive kernel: [269898.226828] audit: type=1400 audit(1757256993.533:2305): apparmor=\"DENIED\" operation=\"open\" class=\"file\" profile=\"snap.spotify.spotify\" name=\"/proc/221782/clear_refs\" pid=221782 comm=\"MemoryInfra\" requested_mask=\"w\" denied_mask=\"w\" fsuid=1000 ouid=1000"}
2025-09-07T14:56:33+00:00	myapp.log	{"file":"/var/log/syslog","message":"Sep  7 20:26:33 cognitive dbus-daemon[3313]: apparmor=\"DENIED\" operation=\"dbus_method_call\"  bus=\"session\" path=\"/org/freedesktop/secrets\" interface=\"org.freedesktop.Secret.Service\" member=\"ReadAlias\" mask=\"send\" name=\"org.freedesktop.secrets\" pid=221782 label=\"snap.spotify.spotify\" peer_pid=3321 peer_label=\"unconfined\""}
2025-09-07T14:56:33+00:00	myapp.log	{"file":"/var/log/syslog","message":"Sep  7 20:26:33 cognitive kernel: [269898.264376] audit: type=1400 audit(1757256993.570:2306): apparmor=\"DENIED\" operation=\"open\" class=\"file\" profile=\"snap.spotify.spotify\" name=\"/etc/vulkan/implicit_layer.d/\" pid=221897 comm=\"spotify\" requested_mask=\"r\" denied_mask=\"r\" fsuid=1000 ouid=0"}
2025-09-07T14:56:33+00:00	myapp.log	{"file":"/var/log/syslog","message":"Sep  7 20:26:33 cognitive kernel: [269898.264409] audit: type=1400 audit(1757256993.570:2307): apparmor=\"DENIED\" operation=\"open\" class=\"file\" profile=\"snap.spotify.spotify\" name=\"/etc/vulkan/implicit_layer.d/\" pid=221897 comm=\"spotify\" requested_mask=\"r\" denied_mask=\"r\" fsuid=1000 ouid=0"}
2025-09-07T14:56:33+00:00	myapp.log	{"file":"/var/log/syslog","message":"Sep  7 20:26:33 cognitive kernel: [269898.264448] audit: type=1400 audit(1757256993.570:2308): apparmor=\"DENIED\" operation=\"open\" class=\"file\" profile=\"snap.spotify.spotify\" name=\"/etc/vulkan/icd.d/\" pid=221897 comm=\"spotify\" requested_mask=\"r\" denied_mask=\"r\" fsuid=1000 ouid=0"}
2025-09-07T14:56:33+00:00	myapp.log	{"file":"/var/log/syslog","message":"Sep  7 20:26:33 cognitive kernel: [269898.264467] audit: type=1400 audit(1757256993.570:2309): apparmor=\"DENIED\" operation=\"open\" class=\"file\" profile=\"snap.spotify.spotify\" name=\"/etc/vulkan/icd.d/\" pid=221897 comm=\"spotify\" requested_mask=\"r\" denied_mask=\"r\" fsuid=1000 ouid=0"}
2025-09-07T14:56:33+00:00	myapp.log	{"file":"/var/log/syslog","message":"Sep  7 20:26:33 cognitive dbus-daemon[3313]: apparmor=\"DENIED\" operation=\"dbus_method_call\"  bus=\"session\" path=\"/org/freedesktop/secrets\" interface=\"org.freedesktop.DBus.Properties\" member=\"GetAll\" mask=\"send\" name=\":1.13\" pid=221782 label=\"snap.spotify.spotify\" peer_pid=3321 peer_label=\"unconfined\""}
2025-09-07T14:56:33+00:00	myapp.log	{"file":"/var/log/syslog","message":"Sep  7 20:26:33 cognitive dbus-daemon[3313]: apparmor=\"DENIED\" operation=\"dbus_method_call\"  bus=\"session\" path=\"/org/freedesktop/secrets\" interface=\"org.freedesktop.Secret.Service\" member=\"SearchItems\" mask=\"send\" name=\":1.13\" pid=221782 label=\"snap.spotify.spotify\" peer_pid=3321 peer_label=\"unconfined\""}
2025-09-07T14:56:33+00:00	myapp.log	{"file":"/var/log/syslog","message":"Sep  7 20:26:33 cognitive ubuntu-appindicators@ubuntu.com[3471]: unable to update icon for spotify-client"}
2025-09-07T14:56:42+00:00	myapp.log	{"file":"/var/log/syslog","message":"Sep  7 20:26:42 cognitive kernel: [269906.710900] kauditd_printk_skb: 29 callbacks suppressed"}
2025-09-07T14:56:42+00:00	myapp.log	{"file":"/var/log/syslog","message":"Sep  7 20:26:42 cognitive kernel: [269906.710904] audit: type=1400 audit(1757257002.015:2339): apparmor=\"DENIED\" operation=\"open\" class=\"file\" profile=\"snap.spotify.spotify\" name=\"/sys/bus/usb/devices/\" pid=221782 comm=\"ThreadPoolForeg\" requested_mask=\"r\" denied_mask=\"r\" fsuid=1000 ouid=0"}
2025-09-07T14:56:46+00:00	myapp.log	{"file":"/var/log/syslog","message":"Sep  7 20:26:46 cognitive wpa_supplicant[1193]: wlo1: CTRL-EVENT-SIGNAL-CHANGE above=1 signal=-74 noise=9999 txrate=52000"}
2025-09-07T14:56:48+00:00	myapp.log	{"file":"/var/log/syslog","message":"Sep  7 20:26:48 cognitive kernel: [269913.475209] Lockdown: systemd-logind: hibernation is restricted; see man kernel_lockdown.7"}
2025-09-07T14:58:34+00:00	myapp.log	{"file":"/var/log/syslog","message":"Sep  7 20:28:34 cognitive geary-autostart.desktop[3753]: *[wrn] 20:28:34.0825 Gtk:Negative content height -1 (allocation 1, extents 1x1) while allocating gadget (node entry, owner GtkSearchEntry)"}
2025-09-07T14:58:38+00:00	myapp.log	{"file":"/var/log/syslog","message":"Sep  7 20:28:38 cognitive geary-autostart.desktop[222144]: Opening in existing browser session."}
2025-09-07T14:58:44+00:00	myapp.log	{"file":"/var/log/syslog","message":"Sep  7 20:28:44 cognitive wpa_supplicant[1193]: wlo1: CTRL-EVENT-SIGNAL-CHANGE above=1 signal=0 noise=9999 txrate=52000"}
2025-09-07T15:00:01+00:00	myapp.log	{"file":"/var/log/syslog","message":"Sep  7 20:30:01 cognitive CRON[222250]: (root) CMD ([ -x /etc/init.d/anacron ] && if [ ! -d /run/systemd/system ]; then /usr/sbin/invoke-rc.d anacron start >/dev/null; fi)"}
2025-09-07T15:00:23+00:00	myapp.log	{"file":"/var/log/syslog","message":"Sep  7 20:30:23 cognitive kernel: [270128.691973] Lockdown: systemd-logind: hibernation is restricted; see man kernel_lockdown.7"}
2025-09-07T15:02:59+00:00	myapp.log	{"file":"/var/log/syslog","message":"Sep  7 20:32:59 cognitive gsd-media-keys[16611]: warning(gtk): unimplemented action=apprt.action.Action.Key.key_sequence"}
2025-09-07T15:03:01+00:00	myapp.log	{"file":"/var/log/syslog","message":"Sep  7 20:33:01 cognitive gsd-media-keys[16611]: warning(stream): ignoring CSI t with unimplemented parameter: ESC [  { 8, 34, 141 } t"}
2025-09-07T15:03:10+00:00	myapp.log	{"file":"/var/log/syslog","message":"Sep  7 20:33:10 cognitive gnome-shell[3471]: Window manager warning: last_user_time (179858963) is greater than comparison timestamp (179858955).  This most likely represents a buggy client sending inaccurate timestamps in messages such as _NET_ACTIVE_WINDOW.  Trying to work around..."}
2025-09-07T15:03:10+00:00	myapp.log	{"file":"/var/log/syslog","message":"Sep  7 20:33:10 cognitive gnome-shell[3471]: Window manager warning: W66 appears to be one of the offending windows with a timestamp of 179858963.  Working around..."}
2025-09-07T15:03:16+00:00	myapp.log	{"file":"/var/log/syslog","message":"Sep  7 20:33:16 cognitive gsd-media-keys[16611]: warning(stream): unimplemented OSC callback: terminal.osc.Command{ .end_of_command = terminal.osc.Command.Command__struct_91272{ .exit_code = 0 } }"}
2025-09-07T15:03:16+00:00	myapp.log	{"file":"/var/log/syslog","message":"Sep  7 20:33:16 cognitive gsd-media-keys[16611]: warning(stream): unimplemented OSC command: end_of_command"}
2025-09-07T15:03:16+00:00	myapp.log	{"file":"/var/log/syslog","message":"Sep  7 20:33:16 cognitive gsd-media-keys[16611]: warning(stream): unimplemented OSC callback: terminal.osc.Command{ .end_of_command = terminal.osc.Command.Command__struct_91272{ .exit_code = null } }"}
2025-09-07T15:03:16+00:00	myapp.log	{"file":"/var/log/syslog","message":"Sep  7 20:33:16 cognitive gsd-media-keys[16611]: warning(stream): unimplemented OSC command: end_of_command"}
2025-09-07T15:03:18+00:00	myapp.log	{"file":"/var/log/syslog","message":"Sep  7 20:33:18 cognitive gsd-media-keys[16611]: warning(stream): ignoring CSI t with unimplemented parameter: ESC [  { 8, 34, 141 } t"}
2025-09-07T15:03:24+00:00	myapp.log	{"file":"/var/log/syslog","message":"Sep  7 20:33:24 cognitive gsd-media-keys[16611]: warning(gtk): unimplemented action=apprt.action.Action.Key.key_sequence"}
2025-09-07T15:03:31+00:00	myapp.log	{"file":"/var/log/syslog","message":"Sep  7 20:33:27 cognitive gsd-media-keys[16611]: message repeated 3 times: [ warning(gtk): unimplemented action=apprt.action.Action.Key.key_sequence]"}
2025-09-07T15:03:31+00:00	myapp.log	{"file":"/var/log/syslog","message":"Sep  7 20:33:31 cognitive gsd-media-keys[16611]: warning(stream): unimplemented OSC callback: terminal.osc.Command{ .end_of_command = terminal.osc.Command.Command__struct_91272{ .exit_code = 0 } }"}
2025-09-07T15:03:31+00:00	myapp.log	{"file":"/var/log/syslog","message":"Sep  7 20:33:31 cognitive gsd-media-keys[16611]: warning(stream): unimplemented OSC command: end_of_command"}
2025-09-07T15:03:31+00:00	myapp.log	{"file":"/var/log/syslog","message":"Sep  7 20:33:31 cognitive gsd-media-keys[16611]: warning(stream): unimplemented OSC callback: terminal.osc.Command{ .end_of_command = terminal.osc.Command.Command__struct_91272{ .exit_code = null } }"}
2025-09-07T15:03:31+00:00	myapp.log	{"file":"/var/log/syslog","message":"Sep  7 20:33:31 cognitive gsd-media-keys[16611]: warning(stream): unimplemented OSC command: end_of_command"}
2025-09-07T15:03:33+00:00	myapp.log	{"file":"/var/log/syslog","message":"Sep  7 20:33:33 cognitive gsd-media-keys[16611]: warning(gtk): unimplemented action=apprt.action.Action.Key.key_sequence"}
2025-09-07T15:03:42+00:00	myapp.log	{"file":"/var/log/syslog","message":"Sep  7 20:33:41 cognitive gsd-media-keys[16611]: message repeated 6 times: [ warning(gtk): unimplemented action=apprt.action.Action.Key.key_sequence]"}
2025-09-07T15:03:42+00:00	myapp.log	{"file":"/var/log/syslog","message":"Sep  7 20:33:42 cognitive gsd-media-keys[16611]: warning(stream): unimplemented OSC callback: terminal.osc.Command{ .end_of_command = terminal.osc.Command.Command__struct_91272{ .exit_code = 1 } }"}
2025-09-07T15:03:42+00:00	myapp.log	{"file":"/var/log/syslog","message":"Sep  7 20:33:42 cognitive gsd-media-keys[16611]: warning(stream): unimplemented OSC command: end_of_command"}
2025-09-07T15:03:42+00:00	myapp.log	{"file":"/var/log/syslog","message":"Sep  7 20:33:42 cognitive gsd-media-keys[16611]: warning(stream): unimplemented OSC callback: terminal.osc.Command{ .end_of_command = terminal.osc.Command.Command__struct_91272{ .exit_code = null } }"}
2025-09-07T15:03:42+00:00	myapp.log	{"file":"/var/log/syslog","message":"Sep  7 20:33:42 cognitive gsd-media-keys[16611]: warning(stream): unimplemented OSC command: end_of_command"}
2025-09-07T15:03:42+00:00	myapp.log	{"file":"/var/log/syslog","message":"Sep  7 20:33:42 cognitive gsd-media-keys[16611]: info(io_exec): pty fd closed, read thread exiting"}
2025-09-07T15:03:42+00:00	myapp.log	{"file":"/var/log/syslog","message":"Sep  7 20:33:42 cognitive gsd-media-keys[16611]: info(surface): surface closed addr=5d79e97c9660"}
2025-09-07T15:04:07+00:00	myapp.log	{"file":"/var/log/syslog","message":"Sep  7 20:34:07 cognitive systemd[1]: Started Run anacron jobs."}
2025-09-07T15:04:07+00:00	myapp.log	{"file":"/var/log/syslog","message":"Sep  7 20:34:07 cognitive anacron[222363]: Anacron 2.3 started on 2025-09-07"}
2025-09-07T15:04:07+00:00	myapp.log	{"file":"/var/log/syslog","message":"Sep  7 20:34:07 cognitive anacron[222363]: Normal exit (0 jobs run)"}
2025-09-07T15:04:07+00:00	myapp.log	{"file":"/var/log/syslog","message":"Sep  7 20:34:07 cognitive systemd[1]: anacron.service: Deactivated successfully."}
2025-09-07T15:05:01+00:00	myapp.log	{"file":"/var/log/syslog","message":"Sep  7 20:35:01 cognitive CRON[222370]: (root) CMD (command -v debian-sa1 > /dev/null && debian-sa1 1 1)"}
2025-09-07T15:05:26+00:00	myapp.log	{"file":"/var/log/syslog","message":"Sep  7 20:35:26 cognitive kernel: [270431.119864] [UFW BLOCK] IN=wlo1 OUT= MAC=01:00:5e:7f:ff:fa:c4:e9:0a:93:5a:01:08:00 SRC=192.168.1.2 DST=239.255.255.250 LEN=32 TOS=0x00 PREC=0xC0 TTL=1 ID=0 DF PROTO=2"}
2025-09-07T15:05:28+00:00	myapp.log	{"file":"/var/log/syslog","message":"Sep  7 20:35:28 cognitive wpa_supplicant[1193]: wlo1: CTRL-EVENT-SIGNAL-CHANGE above=1 signal=-72 noise=9999 txrate=39000"}
2025-09-07T15:05:30+00:00	myapp.log	{"file":"/var/log/syslog","message":"Sep  7 20:35:30 cognitive kernel: [270434.989280] [UFW BLOCK] IN=wlo1 OUT= MAC=01:00:5e:7f:ff:fa:c4:e9:0a:93:5a:01:08:00 SRC=192.168.1.2 DST=239.255.255.250 LEN=32 TOS=0x00 PREC=0xC0 TTL=1 ID=0 DF PROTO=2"}
2025-09-07T15:05:30+00:00	myapp.log	{"file":"/var/log/syslog","message":"Sep  7 20:35:30 cognitive kernel: [270435.746620] [UFW BLOCK] IN=wlo1 OUT= MAC=01:00:5e:7f:ff:fa:c4:e9:0a:93:5a:01:08:00 SRC=192.168.1.2 DST=239.255.255.250 LEN=32 TOS=0x00 PREC=0xC0 TTL=1 ID=0 DF PROTO=2"}
2025-09-07T15:05:31+00:00	myapp.log	{"file":"/var/log/syslog","message":"Sep  7 20:35:31 cognitive kernel: [270435.749750] [UFW BLOCK] IN=wlo1 OUT= MAC=01:00:5e:7f:ff:fa:c4:e9:0a:93:5a:01:08:00 SRC=192.168.1.2 DST=239.255.255.250 LEN=32 TOS=0x00 PREC=0xC0 TTL=1 ID=0 DF PROTO=2"}
2025-09-07T15:05:31+00:00	myapp.log	{"file":"/var/log/syslog","message":"Sep  7 20:35:31 cognitive kernel: [270435.749757] [UFW BLOCK] IN=wlo1 OUT= MAC=01:00:5e:7f:ff:fa:c4:e9:0a:93:5a:01:08:00 SRC=192.168.1.2 DST=239.255.255.250 LEN=32 TOS=0x00 PREC=0xC0 TTL=1 ID=0 DF PROTO=2"}
2025-09-07T15:05:39+00:00	myapp.log	{"file":"/var/log/syslog","message":"Sep  7 20:35:39 cognitive cups.cups-browsed[3025]: + true"}
2025-09-07T15:05:39+00:00	myapp.log	{"file":"/var/log/syslog","message":"Sep  7 20:35:39 cognitive cups.cups-browsed[3025]: + sleep 3600"}
2025-09-07T15:05:53+00:00	myapp.log	{"file":"/var/log/syslog","message":"Sep  7 20:35:53 cognitive kernel: [270458.074980] Lockdown: systemd-logind: hibernation is restricted; see man kernel_lockdown.7"}
2025-09-07T15:06:04+00:00	myapp.log	{"file":"/var/log/syslog","message":"Sep  7 20:36:04 cognitive wpa_supplicant[1193]: wlo1: CTRL-EVENT-SIGNAL-CHANGE above=1 signal=0 noise=9999 txrate=52000"}
2025-09-07T15:06:22+00:00	myapp.log	{"file":"/var/log/syslog","message":"Sep  7 20:36:22 cognitive wpa_supplicant[1193]: wlo1: CTRL-EVENT-SIGNAL-CHANGE above=1 signal=0 noise=9999 txrate=65000"}
2025-09-07T15:06:26+00:00	myapp.log	{"file":"/var/log/syslog","message":"Sep  7 20:36:26 cognitive geary-autostart.desktop[3753]: *[wrn] 20:36:26.0848 Geary.Imap: [goa_account_1735473436_0] [imap] [closed] GearyImapClientSession: Keepalive error: a017 noop: Connection channels closed"}
2025-09-07T15:06:42+00:00	myapp.log	{"file":"/var/log/syslog","message":"Sep  7 20:36:42 cognitive kernel: [270506.780527] audit: type=1400 audit(1757257602.027:2340): apparmor=\"DENIED\" operation=\"open\" class=\"file\" profile=\"snap.spotify.spotify\" name=\"/proc/pressure/cpu\" pid=221782 comm=\"ThreadPoolForeg\" requested_mask=\"r\" denied_mask=\"r\" fsuid=1000 ouid=0"}
2025-09-07T15:06:42+00:00	myapp.log	{"file":"/var/log/syslog","message":"Sep  7 20:36:42 cognitive kernel: [270506.780540] audit: type=1400 audit(1757257602.027:2341): apparmor=\"DENIED\" operation=\"open\" class=\"file\" profile=\"snap.spotify.spotify\" name=\"/proc/pressure/io\" pid=221782 comm=\"ThreadPoolForeg\" requested_mask=\"r\" denied_mask=\"r\" fsuid=1000 ouid=0"}
2025-09-07T15:06:42+00:00	myapp.log	{"file":"/var/log/syslog","message":"Sep  7 20:36:42 cognitive kernel: [270506.780545] audit: type=1400 audit(1757257602.027:2342): apparmor=\"DENIED\" operation=\"open\" class=\"file\" profile=\"snap.spotify.spotify\" name=\"/proc/pressure/memory\" pid=221782 comm=\"ThreadPoolForeg\" requested_mask=\"r\" denied_mask=\"r\" fsuid=1000 ouid=0"}
2025-09-07T15:07:06+00:00	myapp.log	{"file":"/var/log/syslog","message":"Sep  7 20:37:06 cognitive wpa_supplicant[1193]: wlo1: CTRL-EVENT-SIGNAL-CHANGE above=1 signal=0 noise=9999 txrate=58500"}
2025-09-07T15:07:09+00:00	myapp.log	{"file":"/var/log/syslog","message":"Sep  7 20:37:09 cognitive kernel: [270533.878007] [UFW BLOCK] IN=wlo1 OUT= MAC=01:00:5e:7f:ff:fa:c4:e9:0a:93:5a:01:08:00 SRC=192.168.1.2 DST=239.255.255.250 LEN=32 TOS=0x00 PREC=0xC0 TTL=1 ID=0 DF PROTO=2"}
2025-09-07T15:07:09+00:00	myapp.log	{"file":"/var/log/syslog","message":"Sep  7 20:37:09 cognitive kernel: [270533.881236] [UFW BLOCK] IN=wlo1 OUT= MAC=01:00:5e:7f:ff:fa:c4:e9:0a:93:5a:01:08:00 SRC=192.168.1.2 DST=239.255.255.250 LEN=32 TOS=0x00 PREC=0xC0 TTL=1 ID=0 DF PROTO=2"}
2025-09-07T15:07:09+00:00	myapp.log	{"file":"/var/log/syslog","message":"Sep  7 20:37:09 cognitive kernel: [270533.881253] [UFW BLOCK] IN=wlo1 OUT= MAC=01:00:5e:7f:ff:fa:c4:e9:0a:93:5a:01:08:00 SRC=192.168.1.2 DST=239.255.255.250 LEN=32 TOS=0x00 PREC=0xC0 TTL=1 ID=0 DF PROTO=2"}
2025-09-07T15:07:12+00:00	myapp.log	{"file":"/var/log/syslog","message":"Sep  7 20:37:12 cognitive kernel: [270536.940382] [UFW BLOCK] IN=wlo1 OUT= MAC=01:00:5e:7f:ff:fa:c4:e9:0a:93:5a:01:08:00 SRC=192.168.1.2 DST=239.255.255.250 LEN=32 TOS=0x00 PREC=0xC0 TTL=1 ID=0 DF PROTO=2"}
2025-09-07T15:07:12+00:00	myapp.log	{"file":"/var/log/syslog","message":"Sep  7 20:37:12 cognitive kernel: [270536.943619] [UFW BLOCK] IN=wlo1 OUT= MAC=01:00:5e:7f:ff:fa:c4:e9:0a:93:5a:01:08:00 SRC=192.168.1.2 DST=239.255.255.250 LEN=32 TOS=0x00 PREC=0xC0 TTL=1 ID=0 DF PROTO=2"}
2025-09-07T15:08:14+00:00	myapp.log	{"file":"/var/log/syslog","message":"Sep  7 20:37:58 cognitive wpa_supplicant[1193]: wlo1: CTRL-EVENT-SIGNAL-CHANGE above=1 signal=0 noise=9999 txrate=58500"}
2025-09-07T15:08:14+00:00	myapp.log	{"file":"/var/log/syslog","message":"Sep  7 20:38:14 cognitive wpa_supplicant[1193]: wlo1: CTRL-EVENT-SIGNAL-CHANGE above=1 signal=-71 noise=9999 txrate=58500"}
2025-09-07T15:08:16+00:00	myapp.log	{"file":"/var/log/syslog","message":"Sep  7 20:38:16 cognitive geary-autostart.desktop[3753]: *[wrn] 20:38:16.0639 Geary.Imap: [goa_account_1735473436_0] [imap] [closed:INBOX selected RW] GearyImapClientSession: Keepalive error: ---- noop: Disconnected"}
2025-09-07T15:08:26+00:00	myapp.log	{"file":"/var/log/syslog","message":"Sep  7 20:38:26 cognitive wpa_supplicant[1193]: wlo1: CTRL-EVENT-SIGNAL-CHANGE above=1 signal=-72 noise=9999 txrate=39000"}
2025-09-07T15:08:52+00:00	myapp.log	{"file":"/var/log/syslog","message":"Sep  7 20:38:52 cognitive wpa_supplicant[1193]: wlo1: CTRL-EVENT-SIGNAL-CHANGE above=1 signal=-71 noise=9999 txrate=39000"}
2025-09-07T15:09:32+00:00	myapp.log	{"file":"/var/log/syslog","message":"Sep  7 20:39:32 cognitive kernel: [270676.947494] Lockdown: systemd-logind: hibernation is restricted; see man kernel_lockdown.7"}
2025-09-07T15:10:01+00:00	myapp.log	{"file":"/var/log/syslog","message":"Sep  7 20:39:30 cognitive wpa_supplicant[1193]: wlo1: CTRL-EVENT-SIGNAL-CHANGE above=1 signal=-71 noise=9999 txrate=39000"}
2025-09-07T15:10:01+00:00	myapp.log	{"file":"/var/log/syslog","message":"Sep  7 20:40:01 cognitive CRON[222679]: (smmsp) CMD (test -x /etc/init.d/sendmail && test -x /usr/share/sendmail/sendmail && test -x /usr/libexec/sendmail/sendmail && /usr/share/sendmail/sendmail cron-msp)"}
2025-09-07T15:10:01+00:00	myapp.log	{"file":"/var/log/syslog","message":"Sep  7 20:40:01 cognitive sendmail[222697]: 587FA1B4222697: from=smmsp, size=502, class=0, nrcpts=1, msgid=<202509071510.587FA1B4222697@cognitive.local>, bodytype=8BITMIME, relay=smmsp@localhost"}
2025-09-07T15:10:01+00:00	myapp.log	{"file":"/var/log/syslog","message":"Sep  7 20:40:01 cognitive sendmail[222697]: 587FA1B4222697: to=root, ctladdr=smmsp (133/143), delay=00:00:00, xdelay=00:00:00, mailer=relay, pri=30502, relay=[127.0.0.1] [127.0.0.1], dsn=4.0.0, stat=Deferred: Connection refused by [127.0.0.1]"}
2025-09-07T15:11:02+00:00	myapp.log	{"file":"/var/log/syslog","message":"Sep  7 20:41:02 cognitive wpa_supplicant[1193]: wlo1: CTRL-EVENT-SIGNAL-CHANGE above=1 signal=-74 noise=9999 txrate=26000"}
2025-09-07T15:12:00+00:00	myapp.log	{"file":"/var/log/syslog","message":"Sep  7 20:42:00 cognitive kernel: [270825.646861] Lockdown: systemd-logind: hibernation is restricted; see man kernel_lockdown.7"}
2025-09-07T15:12:24+00:00	myapp.log	{"file":"/var/log/syslog","message":"Sep  7 20:42:24 cognitive wpa_supplicant[1193]: wlo1: CTRL-EVENT-SIGNAL-CHANGE above=1 signal=-75 noise=9999 txrate=52000"}
2025-09-07T15:12:28+00:00	myapp.log	{"file":"/var/log/syslog","message":"Sep  7 20:42:28 cognitive canonical-livepatch.canonical-livepatchd[8831]: Client information is recent, not refreshing."}
2025-09-07T15:12:29+00:00	myapp.log	{"file":"/var/log/syslog","message":"Sep  7 20:42:29 cognitive canonical-livepatch.canonical-livepatchd[8831]: Failed to remove stale fixed CVEs information: remove /var/snap/canonical-livepatch/common/fixed-cves: no such file or directory"}
2025-09-07T15:12:29+00:00	myapp.log	{"file":"/var/log/syslog","message":"Sep  7 20:42:29 cognitive canonical-livepatch.canonical-livepatchd[8831]: fetch fixed CVEs failed: nil payload"}
2025-09-07T15:12:32+00:00	myapp.log	{"file":"/var/log/syslog","message":"Sep  7 20:42:32 cognitive systemd[3295]: Started snap.canonical-livepatch.canonical-livepatch-21e3305f-8261-40de-9209-201117424478.scope."}
2025-09-07T15:12:33+00:00	myapp.log	{"file":"/var/log/syslog","message":"Sep  7 20:42:33 cognitive systemd[3295]: Started snap.canonical-livepatch.canonical-livepatch-71509a19-62a1-4cfe-9fe0-f4f5128d0b22.scope."}
2025-09-07T15:12:33+00:00	myapp.log	{"file":"/var/log/syslog","message":"Sep  7 20:42:33 cognitive systemd[3295]: Started snap.canonical-livepatch.canonical-livepatch-c0d4fdc4-fbcb-4573-9c05-9dc07970d493.scope."}
2025-09-07T15:12:33+00:00	myapp.log	{"file":"/var/log/syslog","message":"Sep  7 20:42:33 cognitive systemd[3295]: Started snap.canonical-livepatch.canonical-livepatch-508d055d-fc45-4514-9ca1-0d2ed79ba148.scope."}
2025-09-07T15:12:50+00:00	myapp.log	{"file":"/var/log/syslog","message":"Sep  7 20:42:50 cognitive wpa_supplicant[1193]: wlo1: CTRL-EVENT-SIGNAL-CHANGE above=1 signal=-74 noise=9999 txrate=52000"}
2025-09-07T15:12:52+00:00	myapp.log	{"file":"/var/log/syslog","message":"Sep  7 20:42:52 cognitive kernel: [270877.408987] Lockdown: systemd-logind: hibernation is restricted; see man kernel_lockdown.7"}
2025-09-07T15:12:54+00:00	myapp.log	{"file":"/var/log/syslog","message":"Sep  7 20:42:54 cognitive wpa_supplicant[1193]: wlo1: CTRL-EVENT-SIGNAL-CHANGE above=1 signal=0 noise=9999 txrate=52000"}
2025-09-07T15:13:20+00:00	myapp.log	{"file":"/var/log/syslog","message":"Sep  7 20:43:20 cognitive kernel: [270905.152079] [UFW BLOCK] IN=wlo1 OUT= MAC=01:00:5e:7f:ff:fa:c4:e9:0a:93:5a:01:08:00 SRC=192.168.1.2 DST=239.255.255.250 LEN=32 TOS=0x00 PREC=0xC0 TTL=1 ID=0 DF PROTO=2"}
2025-09-07T15:13:20+00:00	myapp.log	{"file":"/var/log/syslog","message":"Sep  7 20:43:20 cognitive kernel: [270905.152103] [UFW BLOCK] IN=wlo1 OUT= MAC=01:00:5e:7f:ff:fa:c4:e9:0a:93:5a:01:08:00 SRC=192.168.1.2 DST=239.255.255.250 LEN=32 TOS=0x00 PREC=0xC0 TTL=1 ID=0 DF PROTO=2"}
2025-09-07T15:13:20+00:00	myapp.log	{"file":"/var/log/syslog","message":"Sep  7 20:43:20 cognitive kernel: [270905.152115] [UFW BLOCK] IN=wlo1 OUT= MAC=01:00:5e:7f:ff:fa:c4:e9:0a:93:5a:01:08:00 SRC=192.168.1.2 DST=239.255.255.250 LEN=32 TOS=0x00 PREC=0xC0 TTL=1 ID=0 DF PROTO=2"}
2025-09-07T15:13:23+00:00	myapp.log	{"file":"/var/log/syslog","message":"Sep  7 20:43:23 cognitive kernel: [270908.531599] [UFW BLOCK] IN=wlo1 OUT= MAC=01:00:5e:7f:ff:fa:c4:e9:0a:93:5a:01:08:00 SRC=192.168.1.2 DST=239.255.255.250 LEN=32 TOS=0x00 PREC=0xC0 TTL=1 ID=0 DF PROTO=2"}
2025-09-07T15:13:23+00:00	myapp.log	{"file":"/var/log/syslog","message":"Sep  7 20:43:23 cognitive kernel: [270908.531623] [UFW BLOCK] IN=wlo1 OUT= MAC=01:00:5e:7f:ff:fa:c4:e9:0a:93:5a:01:08:00 SRC=192.168.1.2 DST=239.255.255.250 LEN=32 TOS=0x00 PREC=0xC0 TTL=1 ID=0 DF PROTO=2"}
2025-09-07T15:13:23+00:00	myapp.log	{"file":"/var/log/syslog","message":"Sep  7 20:43:23 cognitive kernel: [270908.531635] [UFW BLOCK] IN=wlo1 OUT= MAC=01:00:5e:7f:ff:fa:c4:e9:0a:93:5a:01:08:00 SRC=192.168.1.2 DST=239.255.255.250 LEN=32 TOS=0x00 PREC=0xC0 TTL=1 ID=0 DF PROTO=2"}
2025-09-07T15:13:33+00:00	myapp.log	{"file":"/var/log/syslog","message":"Sep  7 20:43:33 cognitive kernel: [270918.361917] [UFW BLOCK] IN=wlo1 OUT= MAC=01:00:5e:7f:ff:fa:c4:e9:0a:93:5a:01:08:00 SRC=192.168.1.2 DST=239.255.255.250 LEN=32 TOS=0x00 PREC=0xC0 TTL=1 ID=0 DF PROTO=2"}
2025-09-07T15:13:33+00:00	myapp.log	{"file":"/var/log/syslog","message":"Sep  7 20:43:33 cognitive kernel: [270918.361936] [UFW BLOCK] IN=wlo1 OUT= MAC=01:00:5e:7f:ff:fa:c4:e9:0a:93:5a:01:08:00 SRC=192.168.1.2 DST=239.255.255.250 LEN=32 TOS=0x00 PREC=0xC0 TTL=1 ID=0 DF PROTO=2"}
2025-09-07T15:13:33+00:00	myapp.log	{"file":"/var/log/syslog","message":"Sep  7 20:43:33 cognitive kernel: [270918.361946] [UFW BLOCK] IN=wlo1 OUT= MAC=01:00:5e:7f:ff:fa:c4:e9:0a:93:5a:01:08:00 SRC=192.168.1.2 DST=239.255.255.250 LEN=32 TOS=0x00 PREC=0xC0 TTL=1 ID=0 DF PROTO=2"}
2025-09-07T15:15:01+00:00	myapp.log	{"file":"/var/log/syslog","message":"Sep  7 20:45:01 cognitive CRON[223067]: (root) CMD (command -v debian-sa1 > /dev/null && debian-sa1 1 1)"}
2025-09-07T15:16:01+00:00	myapp.log	{"file":"/var/log/syslog","message":"Sep  7 20:46:01 cognitive kernel: [271066.244866] Lockdown: systemd-logind: hibernation is restricted; see man kernel_lockdown.7"}
2025-09-07T15:16:08+00:00	myapp.log	{"file":"/var/log/syslog","message":"Sep  7 20:46:08 cognitive wpa_supplicant[1193]: wlo1: CTRL-EVENT-SIGNAL-CHANGE above=1 signal=0 noise=9999 txrate=39000"}
2025-09-07T15:16:41+00:00	myapp.log	{"file":"/var/log/syslog","message":"Sep  7 20:46:41 cognitive wpa_supplicant[1193]: wlo1: CTRL-EVENT-SIGNAL-CHANGE above=0 signal=-79 noise=9999 txrate=26000"}
2025-09-07T15:16:42+00:00	myapp.log	{"file":"/var/log/syslog","message":"Sep  7 20:46:42 cognitive kernel: [271106.811971] audit: type=1400 audit(1757258202.034:2343): apparmor=\"DENIED\" operation=\"open\" class=\"file\" profile=\"snap.spotify.spotify\" name=\"/proc/pressure/cpu\" pid=221782 comm=\"ThreadPoolForeg\" requested_mask=\"r\" denied_mask=\"r\" fsuid=1000 ouid=0"}
2025-09-07T15:16:42+00:00	myapp.log	{"file":"/var/log/syslog","message":"Sep  7 20:46:42 cognitive kernel: [271106.812027] audit: type=1400 audit(1757258202.034:2344): apparmor=\"DENIED\" operation=\"open\" class=\"file\" profile=\"snap.spotify.spotify\" name=\"/proc/pressure/io\" pid=221782 comm=\"ThreadPoolForeg\" requested_mask=\"r\" denied_mask=\"r\" fsuid=1000 ouid=0"}
2025-09-07T15:16:42+00:00	myapp.log	{"file":"/var/log/syslog","message":"Sep  7 20:46:42 cognitive kernel: [271106.812030] audit: type=1400 audit(1757258202.034:2345): apparmor=\"DENIED\" operation=\"open\" class=\"file\" profile=\"snap.spotify.spotify\" name=\"/proc/pressure/memory\" pid=221782 comm=\"ThreadPoolForeg\" requested_mask=\"r\" denied_mask=\"r\" fsuid=1000 ouid=0"}
2025-09-07T15:16:46+00:00	myapp.log	{"file":"/var/log/syslog","message":"Sep  7 20:46:46 cognitive wpa_supplicant[1193]: wlo1: CTRL-EVENT-SIGNAL-CHANGE above=1 signal=0 noise=9999 txrate=13000"}
2025-09-07T15:17:02+00:00	myapp.log	{"file":"/var/log/syslog","message":"Sep  7 20:47:02 cognitive kernel: [271127.053691] [UFW BLOCK] IN=wlo1 OUT= MAC=01:00:5e:7f:ff:fa:c4:e9:0a:93:5a:01:08:00 SRC=192.168.1.2 DST=239.255.255.250 LEN=32 TOS=0x00 PREC=0xC0 TTL=1 ID=0 DF PROTO=2"}
2025-09-07T15:17:02+00:00	myapp.log	{"file":"/var/log/syslog","message":"Sep  7 20:47:02 cognitive kernel: [271127.053716] [UFW BLOCK] IN=wlo1 OUT= MAC=01:00:5e:7f:ff:fa:c4:e9:0a:93:5a:01:08:00 SRC=192.168.1.2 DST=239.255.255.250 LEN=32 TOS=0x00 PREC=0xC0 TTL=1 ID=0 DF PROTO=2"}
2025-09-07T15:17:02+00:00	myapp.log	{"file":"/var/log/syslog","message":"Sep  7 20:47:02 cognitive kernel: [271127.057780] [UFW BLOCK] IN=wlo1 OUT= MAC=01:00:5e:7f:ff:fa:c4:e9:0a:93:5a:01:08:00 SRC=192.168.1.2 DST=239.255.255.250 LEN=32 TOS=0x00 PREC=0xC0 TTL=1 ID=0 DF PROTO=2"}
2025-09-07T15:17:03+00:00	myapp.log	{"file":"/var/log/syslog","message":"Sep  7 20:47:03 cognitive kernel: [271128.282612] [UFW BLOCK] IN=wlo1 OUT= MAC=01:00:5e:7f:ff:fa:c4:e9:0a:93:5a:01:08:00 SRC=192.168.1.2 DST=239.255.255.250 LEN=32 TOS=0x00 PREC=0xC0 TTL=1 ID=0 DF PROTO=2"}
2025-09-07T15:17:03+00:00	myapp.log	{"file":"/var/log/syslog","message":"Sep  7 20:47:03 cognitive kernel: [271128.282625] [UFW BLOCK] IN=wlo1 OUT= MAC=01:00:5e:7f:ff:fa:c4:e9:0a:93:5a:01:08:00 SRC=192.168.1.2 DST=239.255.255.250 LEN=32 TOS=0x00 PREC=0xC0 TTL=1 ID=0 DF PROTO=2"}
2025-09-07T15:17:03+00:00	myapp.log	{"file":"/var/log/syslog","message":"Sep  7 20:47:03 cognitive kernel: [271128.282631] [UFW BLOCK] IN=wlo1 OUT= MAC=01:00:5e:7f:ff:fa:c4:e9:0a:93:5a:01:08:00 SRC=192.168.1.2 DST=239.255.255.250 LEN=32 TOS=0x00 PREC=0xC0 TTL=1 ID=0 DF PROTO=2"}
2025-09-07T15:17:09+00:00	myapp.log	{"file":"/var/log/syslog","message":"Sep  7 20:47:09 cognitive kernel: [271133.988791] [UFW BLOCK] IN=wlo1 OUT= MAC=01:00:5e:7f:ff:fa:c4:e9:0a:93:5a:01:08:00 SRC=192.168.1.2 DST=239.255.255.250 LEN=32 TOS=0x00 PREC=0xC0 TTL=1 ID=0 DF PROTO=2"}
2025-09-07T15:17:09+00:00	myapp.log	{"file":"/var/log/syslog","message":"Sep  7 20:47:09 cognitive kernel: [271133.992639] [UFW BLOCK] IN=wlo1 OUT= MAC=01:00:5e:7f:ff:fa:c4:e9:0a:93:5a:01:08:00 SRC=192.168.1.2 DST=239.255.255.250 LEN=32 TOS=0x00 PREC=0xC0 TTL=1 ID=0 DF PROTO=2"}
2025-09-07T15:17:17+00:00	myapp.log	{"file":"/var/log/syslog","message":"Sep  7 20:47:17 cognitive kernel: [271141.966979] Lockdown: systemd-logind: hibernation is restricted; see man kernel_lockdown.7"}
2025-09-07T15:17:44+00:00	myapp.log	{"file":"/var/log/syslog","message":"Sep  7 20:47:44 cognitive wpa_supplicant[1193]: wlo1: CTRL-EVENT-SIGNAL-CHANGE above=1 signal=-74 noise=9999 txrate=52000"}
2025-09-07T15:17:52+00:00	myapp.log	{"file":"/var/log/syslog","message":"Sep  7 20:47:52 cognitive wpa_supplicant[1193]: wlo1: CTRL-EVENT-SIGNAL-CHANGE above=1 signal=0 noise=9999 txrate=39000"}
2025-09-07T15:18:02+00:00	myapp.log	{"file":"/var/log/syslog","message":"Sep  7 20:48:02 cognitive wpa_supplicant[1193]: wlo1: CTRL-EVENT-SIGNAL-CHANGE above=1 signal=0 noise=9999 txrate=58500"}
2025-09-07T15:18:18+00:00	myapp.log	{"file":"/var/log/syslog","message":"Sep  7 20:48:18 cognitive wpa_supplicant[1193]: wlo1: CTRL-EVENT-SIGNAL-CHANGE above=1 signal=0 noise=9999 txrate=39000"}
2025-09-07T15:18:50+00:00	myapp.log	{"file":"/var/log/syslog","message":"Sep  7 20:48:50 cognitive wpa_supplicant[1193]: wlo1: CTRL-EVENT-SIGNAL-CHANGE above=1 signal=-71 noise=9999 txrate=39000"}
2025-09-07T15:19:02+00:00	myapp.log	{"file":"/var/log/syslog","message":"Sep  7 20:49:02 cognitive wpa_supplicant[1193]: wlo1: CTRL-EVENT-SIGNAL-CHANGE above=1 signal=-71 noise=9999 txrate=58500"}
2025-09-07T15:19:39+00:00	myapp.log	{"file":"/var/log/syslog","message":"Sep  7 20:49:39 cognitive kernel: [271283.828160] [UFW BLOCK] IN=wlo1 OUT= MAC=01:00:5e:7f:ff:fa:c4:e9:0a:93:5a:01:08:00 SRC=192.168.1.2 DST=239.255.255.250 LEN=32 TOS=0x00 PREC=0xC0 TTL=1 ID=0 DF PROTO=2"}
2025-09-07T15:19:39+00:00	myapp.log	{"file":"/var/log/syslog","message":"Sep  7 20:49:39 cognitive kernel: [271283.828173] [UFW BLOCK] IN=wlo1 OUT= MAC=01:00:5e:7f:ff:fa:c4:e9:0a:93:5a:01:08:00 SRC=192.168.1.2 DST=239.255.255.250 LEN=32 TOS=0x00 PREC=0xC0 TTL=1 ID=0 DF PROTO=2"}
2025-09-07T15:19:47+00:00	myapp.log	{"file":"/var/log/syslog","message":"Sep  7 20:49:47 cognitive kernel: [271292.737315] [UFW BLOCK] IN=wlo1 OUT= MAC=01:00:5e:7f:ff:fa:c4:e9:0a:93:5a:01:08:00 SRC=192.168.1.2 DST=239.255.255.250 LEN=32 TOS=0x00 PREC=0xC0 TTL=1 ID=0 DF PROTO=2"}
2025-09-07T15:19:47+00:00	myapp.log	{"file":"/var/log/syslog","message":"Sep  7 20:49:47 cognitive kernel: [271292.737325] [UFW BLOCK] IN=wlo1 OUT= MAC=01:00:5e:7f:ff:fa:c4:e9:0a:93:5a:01:08:00 SRC=192.168.1.2 DST=239.255.255.250 LEN=32 TOS=0x00 PREC=0xC0 TTL=1 ID=0 DF PROTO=2"}
2025-09-07T15:19:47+00:00	myapp.log	{"file":"/var/log/syslog","message":"Sep  7 20:49:47 cognitive kernel: [271292.737330] [UFW BLOCK] IN=wlo1 OUT= MAC=01:00:5e:7f:ff:fa:c4:e9:0a:93:5a:01:08:00 SRC=192.168.1.2 DST=239.255.255.250 LEN=32 TOS=0x00 PREC=0xC0 TTL=1 ID=0 DF PROTO=2"}
2025-09-07T15:19:48+00:00	myapp.log	{"file":"/var/log/syslog","message":"Sep  7 20:49:48 cognitive kernel: [271292.942074] [UFW BLOCK] IN=wlo1 OUT= MAC=01:00:5e:7f:ff:fa:c4:e9:0a:93:5a:01:08:00 SRC=192.168.1.2 DST=239.255.255.250 LEN=32 TOS=0x00 PREC=0xC0 TTL=1 ID=0 DF PROTO=2"}
2025-09-07T15:19:48+00:00	myapp.log	{"file":"/var/log/syslog","message":"Sep  7 20:49:48 cognitive kernel: [271292.942094] [UFW BLOCK] IN=wlo1 OUT= MAC=01:00:5e:7f:ff:fa:c4:e9:0a:93:5a:01:08:00 SRC=192.168.1.2 DST=239.255.255.250 LEN=32 TOS=0x00 PREC=0xC0 TTL=1 ID=0 DF PROTO=2"}
2025-09-07T15:19:48+00:00	myapp.log	{"file":"/var/log/syslog","message":"Sep  7 20:49:48 cognitive kernel: [271292.942105] [UFW BLOCK] IN=wlo1 OUT= MAC=01:00:5e:7f:ff:fa:c4:e9:0a:93:5a:01:08:00 SRC=192.168.1.2 DST=239.255.255.250 LEN=32 TOS=0x00 PREC=0xC0 TTL=1 ID=0 DF PROTO=2"}
2025-09-07T15:19:56+00:00	myapp.log	{"file":"/var/log/syslog","message":"Sep  7 20:49:56 cognitive wpa_supplicant[1193]: wlo1: CTRL-EVENT-SIGNAL-CHANGE above=1 signal=-71 noise=9999 txrate=52000"}
2025-09-07T15:20:06+00:00	myapp.log	{"file":"/var/log/syslog","message":"Sep  7 20:50:06 cognitive wpa_supplicant[1193]: wlo1: CTRL-EVENT-SIGNAL-CHANGE above=1 signal=-72 noise=9999 txrate=58500"}
2025-09-07T15:21:00+00:00	myapp.log	{"file":"/var/log/syslog","message":"Sep  7 20:51:00 cognitive wpa_supplicant[1193]: wlo1: CTRL-EVENT-SIGNAL-CHANGE above=1 signal=0 noise=9999 txrate=52000"}
2025-09-07T15:21:36+00:00	myapp.log	{"file":"/var/log/syslog","message":"Sep  7 20:51:36 cognitive geary-autostart.desktop[3753]: *[wrn] 20:51:36.0905 Geary.Imap: [goa_account_1735473436_0] [imap] [closed:INBOX selected RW] GearyImapClientSession: Keepalive error: ---- noop: Disconnected"}
2025-09-07T15:21:37+00:00	myapp.log	{"file":"/var/log/syslog","message":"Sep  7 20:51:37 cognitive geary-autostart.desktop[3753]: *[wrn] 20:51:37.0652 Geary.Imap: [goa_account_1735473436_0] [imap] [closed] GearyImapClientSession: Keepalive error: a033 noop: Connection channels closed"}
2025-09-07T15:22:38+00:00	myapp.log	{"file":"/var/log/syslog","message":"Sep  7 20:52:38 cognitive wpa_supplicant[1193]: wlo1: CTRL-EVENT-SIGNAL-CHANGE above=1 signal=-74 noise=9999 txrate=39000"}
2025-09-07T15:23:30+00:00	myapp.log	{"file":"/var/log/syslog","message":"Sep  7 20:53:30 cognitive wpa_supplicant[1193]: wlo1: CTRL-EVENT-SIGNAL-CHANGE above=1 signal=0 noise=9999 txrate=39000"}
2025-09-07T15:24:02+00:00	myapp.log	{"file":"/var/log/syslog","message":"Sep  7 20:54:02 cognitive wpa_supplicant[1193]: wlo1: CTRL-EVENT-SIGNAL-CHANGE above=1 signal=-76 noise=9999 txrate=39000"}
2025-09-07T15:25:01+00:00	myapp.log	{"file":"/var/log/syslog","message":"Sep  7 20:55:01 cognitive CRON[223426]: (root) CMD (command -v debian-sa1 > /dev/null && debian-sa1 1 1)"}
2025-09-07T15:25:02+00:00	myapp.log	{"file":"/var/log/syslog","message":"Sep  7 20:55:02 cognitive wpa_supplicant[1193]: wlo1: CTRL-EVENT-SIGNAL-CHANGE above=1 signal=0 noise=9999 txrate=39000"}
2025-09-07T15:25:50+00:00	myapp.log	{"file":"/var/log/syslog","message":"Sep  7 20:55:50 cognitive systemd[1]: Starting Process error reports when automatic reporting is enabled..."}
2025-09-07T15:25:50+00:00	myapp.log	{"file":"/var/log/syslog","message":"Sep  7 20:55:50 cognitive systemd[1]: apport-autoreport.service: Deactivated successfully."}
2025-09-07T15:25:50+00:00	myapp.log	{"file":"/var/log/syslog","message":"Sep  7 20:55:50 cognitive systemd[1]: Finished Process error reports when automatic reporting is enabled."}
2025-09-07T15:25:51+00:00	myapp.log	{"file":"/var/log/syslog","message":"Sep  7 20:55:51 cognitive kernel: [271655.951105] [UFW BLOCK] IN=wlo1 OUT= MAC=01:00:5e:7f:ff:fa:c4:e9:0a:93:5a:01:08:00 SRC=192.168.1.2 DST=239.255.255.250 LEN=32 TOS=0x00 PREC=0xC0 TTL=1 ID=0 DF PROTO=2"}
2025-09-07T15:25:51+00:00	myapp.log	{"file":"/var/log/syslog","message":"Sep  7 20:55:51 cognitive kernel: [271655.951116] [UFW BLOCK] IN=wlo1 OUT= MAC=01:00:5e:7f:ff:fa:c4:e9:0a:93:5a:01:08:00 SRC=192.168.1.2 DST=239.255.255.250 LEN=32 TOS=0x00 PREC=0xC0 TTL=1 ID=0 DF PROTO=2"}
2025-09-07T15:25:51+00:00	myapp.log	{"file":"/var/log/syslog","message":"Sep  7 20:55:51 cognitive kernel: [271655.951120] [UFW BLOCK] IN=wlo1 OUT= MAC=01:00:5e:7f:ff:fa:c4:e9:0a:93:5a:01:08:00 SRC=192.168.1.2 DST=239.255.255.250 LEN=32 TOS=0x00 PREC=0xC0 TTL=1 ID=0 DF PROTO=2"}
2025-09-07T15:25:59+00:00	myapp.log	{"file":"/var/log/syslog","message":"Sep  7 20:55:59 cognitive kernel: [271664.143477] [UFW BLOCK] IN=wlo1 OUT= MAC=01:00:5e:7f:ff:fa:c4:e9:0a:93:5a:01:08:00 SRC=192.168.1.2 DST=239.255.255.250 LEN=32 TOS=0x00 PREC=0xC0 TTL=1 ID=0 DF PROTO=2"}
2025-09-07T15:25:59+00:00	myapp.log	{"file":"/var/log/syslog","message":"Sep  7 20:55:59 cognitive kernel: [271664.143486] [UFW BLOCK] IN=wlo1 OUT= MAC=01:00:5e:7f:ff:fa:c4:e9:0a:93:5a:01:08:00 SRC=192.168.1.2 DST=239.255.255.250 LEN=32 TOS=0x00 PREC=0xC0 TTL=1 ID=0 DF PROTO=2"}
2025-09-07T15:25:59+00:00	myapp.log	{"file":"/var/log/syslog","message":"Sep  7 20:55:59 cognitive kernel: [271664.143491] [UFW BLOCK] IN=wlo1 OUT= MAC=01:00:5e:7f:ff:fa:c4:e9:0a:93:5a:01:08:00 SRC=192.168.1.2 DST=239.255.255.250 LEN=32 TOS=0x00 PREC=0xC0 TTL=1 ID=0 DF PROTO=2"}
2025-09-07T15:26:01+00:00	myapp.log	{"file":"/var/log/syslog","message":"Sep  7 20:56:01 cognitive kernel: [271666.396238] [UFW BLOCK] IN=wlo1 OUT= MAC=01:00:5e:7f:ff:fa:c4:e9:0a:93:5a:01:08:00 SRC=192.168.1.2 DST=239.255.255.250 LEN=32 TOS=0x00 PREC=0xC0 TTL=1 ID=0 DF PROTO=2"}
2025-09-07T15:26:01+00:00	myapp.log	{"file":"/var/log/syslog","message":"Sep  7 20:56:01 cognitive kernel: [271666.396252] [UFW BLOCK] IN=wlo1 OUT= MAC=01:00:5e:7f:ff:fa:c4:e9:0a:93:5a:01:08:00 SRC=192.168.1.2 DST=239.255.255.250 LEN=32 TOS=0x00 PREC=0xC0 TTL=1 ID=0 DF PROTO=2"}
2025-09-07T15:26:01+00:00	myapp.log	{"file":"/var/log/syslog","message":"Sep  7 20:56:01 cognitive kernel: [271666.396258] [UFW BLOCK] IN=wlo1 OUT= MAC=01:00:5e:7f:ff:fa:c4:e9:0a:93:5a:01:08:00 SRC=192.168.1.2 DST=239.255.255.250 LEN=32 TOS=0x00 PREC=0xC0 TTL=1 ID=0 DF PROTO=2"}
2025-09-07T15:26:14+00:00	myapp.log	{"file":"/var/log/syslog","message":"Sep  7 20:56:14 cognitive wpa_supplicant[1193]: wlo1: CTRL-EVENT-SIGNAL-CHANGE above=1 signal=-74 noise=9999 txrate=26000"}
2025-09-07T15:26:42+00:00	myapp.log	{"file":"/var/log/syslog","message":"Sep  7 20:56:42 cognitive kernel: [271706.809232] audit: type=1400 audit(1757258802.043:2346): apparmor=\"DENIED\" operation=\"open\" class=\"file\" profile=\"snap.spotify.spotify\" name=\"/proc/pressure/cpu\" pid=221782 comm=\"ThreadPoolForeg\" requested_mask=\"r\" denied_mask=\"r\" fsuid=1000 ouid=0"}
2025-09-07T15:26:42+00:00	myapp.log	{"file":"/var/log/syslog","message":"Sep  7 20:56:42 cognitive kernel: [271706.809241] audit: type=1400 audit(1757258802.043:2347): apparmor=\"DENIED\" operation=\"open\" class=\"file\" profile=\"snap.spotify.spotify\" name=\"/proc/pressure/io\" pid=221782 comm=\"ThreadPoolForeg\" requested_mask=\"r\" denied_mask=\"r\" fsuid=1000 ouid=0"}
2025-09-07T15:26:42+00:00	myapp.log	{"file":"/var/log/syslog","message":"Sep  7 20:56:42 cognitive kernel: [271706.809243] audit: type=1400 audit(1757258802.043:2348): apparmor=\"DENIED\" operation=\"open\" class=\"file\" profile=\"snap.spotify.spotify\" name=\"/proc/pressure/memory\" pid=221782 comm=\"ThreadPoolForeg\" requested_mask=\"r\" denied_mask=\"r\" fsuid=1000 ouid=0"}
2025-09-07T15:26:46+00:00	myapp.log	{"file":"/var/log/syslog","message":"Sep  7 20:56:46 cognitive wpa_supplicant[1193]: wlo1: CTRL-EVENT-SIGNAL-CHANGE above=1 signal=-75 noise=9999 txrate=39000"}
2025-09-07T15:27:44+00:00	myapp.log	{"file":"/var/log/syslog","message":"Sep  7 20:57:44 cognitive wpa_supplicant[1193]: wlo1: CTRL-EVENT-SIGNAL-CHANGE above=0 signal=-84 noise=9999 txrate=39000"}
2025-09-07T15:28:11+00:00	myapp.log	{"file":"/var/log/syslog","message":"Sep  7 20:58:11 cognitive gsd-media-keys[16611]: warning(stream): ignoring CSI t with unimplemented parameter: ESC [  { 8, 34, 141 } t"}
2025-09-07T15:28:13+00:00	myapp.log	{"file":"/var/log/syslog","message":"Sep  7 20:58:13 cognitive gsd-media-keys[16611]: warning(gtk): unimplemented action=apprt.action.Action.Key.key_sequence"}
2025-09-07T15:28:21+00:00	myapp.log	{"file":"/var/log/syslog","message":"Sep  7 20:58:19 cognitive gsd-media-keys[16611]: message repeated 2 times: [ warning(gtk): unimplemented action=apprt.action.Action.Key.key_sequence]"}
2025-09-07T15:28:21+00:00	myapp.log	{"file":"/var/log/syslog","message":"Sep  7 20:58:21 cognitive gsd-media-keys[16611]: warning(stream): unimplemented OSC callback: terminal.osc.Command{ .end_of_command = terminal.osc.Command.Command__struct_91272{ .exit_code = 0 } }"}
2025-09-07T15:28:21+00:00	myapp.log	{"file":"/var/log/syslog","message":"Sep  7 20:58:21 cognitive gsd-media-keys[16611]: warning(stream): unimplemented OSC command: end_of_command"}
2025-09-07T15:28:21+00:00	myapp.log	{"file":"/var/log/syslog","message":"Sep  7 20:58:21 cognitive gsd-media-keys[16611]: warning(stream): unimplemented OSC callback: terminal.osc.Command{ .end_of_command = terminal.osc.Command.Command__struct_91272{ .exit_code = null } }"}
2025-09-07T15:28:21+00:00	myapp.log	{"file":"/var/log/syslog","message":"Sep  7 20:58:21 cognitive gsd-media-keys[16611]: warning(stream): unimplemented OSC command: end_of_command"}
2025-09-07T15:28:24+00:00	myapp.log	{"file":"/var/log/syslog","message":"Sep  7 20:58:24 cognitive gsd-media-keys[16611]: warning(stream): ignoring CSI t with unimplemented parameter: ESC [  { 8, 34, 141 } t"}
2025-09-07T15:28:26+00:00	myapp.log	{"file":"/var/log/syslog","message":"Sep  7 20:58:26 cognitive gsd-media-keys[16611]: warning(gtk): unimplemented action=apprt.action.Action.Key.key_sequence"}
2025-09-07T15:28:31+00:00	myapp.log	{"file":"/var/log/syslog","message":"Sep  7 20:58:28 cognitive gsd-media-keys[16611]: message repeated 2 times: [ warning(gtk): unimplemented action=apprt.action.Action.Key.key_sequence]"}
2025-09-07T15:28:31+00:00	myapp.log	{"file":"/var/log/syslog","message":"Sep  7 20:58:31 cognitive gsd-media-keys[16611]: warning(stream): unimplemented OSC callback: terminal.osc.Command{ .end_of_command = terminal.osc.Command.Command__struct_91272{ .exit_code = 0 } }"}
2025-09-07T15:28:31+00:00	myapp.log	{"file":"/var/log/syslog","message":"Sep  7 20:58:31 cognitive gsd-media-keys[16611]: warning(stream): unimplemented OSC command: end_of_command"}
2025-09-07T15:28:31+00:00	myapp.log	{"file":"/var/log/syslog","message":"Sep  7 20:58:31 cognitive gsd-media-keys[16611]: warning(stream): unimplemented OSC callback: terminal.osc.Command{ .end_of_command = terminal.osc.Command.Command__struct_91272{ .exit_code = null } }"}
2025-09-07T15:28:31+00:00	myapp.log	{"file":"/var/log/syslog","message":"Sep  7 20:58:31 cognitive gsd-media-keys[16611]: warning(stream): unimplemented OSC command: end_of_command"}
2025-09-07T15:28:32+00:00	myapp.log	{"file":"/var/log/syslog","message":"Sep  7 20:58:32 cognitive gsd-media-keys[16611]: warning(gtk): unimplemented action=apprt.action.Action.Key.key_sequence"}
2025-09-07T15:28:40+00:00	myapp.log	{"file":"/var/log/syslog","message":"Sep  7 20:58:40 cognitive wpa_supplicant[1193]: wlo1: CTRL-EVENT-SIGNAL-CHANGE above=0 signal=-83 noise=9999 txrate=39000"}
2025-09-07T15:28:50+00:00	myapp.log	{"file":"/var/log/syslog","message":"Sep  7 20:58:50 cognitive wpa_supplicant[1193]: wlo1: CTRL-EVENT-SIGNAL-CHANGE above=0 signal=-85 noise=9999 txrate=26000"}
2025-09-07T15:29:18+00:00	myapp.log	{"file":"/var/log/syslog","message":"Sep  7 20:59:18 cognitive wpa_supplicant[1193]: wlo1: CTRL-EVENT-SIGNAL-CHANGE above=0 signal=-83 noise=9999 txrate=52000"}
2025-09-07T15:29:48+00:00	myapp.log	{"file":"/var/log/syslog","message":"Sep  7 20:59:48 cognitive wpa_supplicant[1193]: wlo1: CTRL-EVENT-SIGNAL-CHANGE above=0 signal=-83 noise=9999 txrate=39000"}
2025-09-07T15:30:01+00:00	myapp.log	{"file":"/var/log/syslog","message":"Sep  7 21:00:01 cognitive CRON[223637]: (smmsp) CMD (test -x /etc/init.d/sendmail && test -x /usr/share/sendmail/sendmail && test -x /usr/libexec/sendmail/sendmail && /usr/share/sendmail/sendmail cron-msp)"}
2025-09-07T15:30:01+00:00	myapp.log	{"file":"/var/log/syslog","message":"Sep  7 21:00:01 cognitive sendmail[223655]: 587FU1J5223655: from=smmsp, size=502, class=0, nrcpts=1, msgid=<202509071530.587FU1J5223655@cognitive.local>, bodytype=8BITMIME, relay=smmsp@localhost"}
2025-09-07T15:30:01+00:00	myapp.log	{"file":"/var/log/syslog","message":"Sep  7 21:00:01 cognitive sendmail[223655]: 587FU1J5223655: to=root, ctladdr=smmsp (133/143), delay=00:00:00, xdelay=00:00:00, mailer=relay, pri=30502, relay=[127.0.0.1] [127.0.0.1], dsn=4.0.0, stat=Deferred: Connection refused by [127.0.0.1]"}
2025-09-07T15:30:48+00:00	myapp.log	{"file":"/var/log/syslog","message":"Sep  7 21:00:48 cognitive wpa_supplicant[1193]: wlo1: CTRL-EVENT-SIGNAL-CHANGE above=0 signal=0 noise=9999 txrate=39000"}
2025-09-07T15:31:00+00:00	myapp.log	{"file":"/var/log/syslog","message":"Sep  7 21:01:00 cognitive wpa_supplicant[1193]: wlo1: CTRL-EVENT-SIGNAL-CHANGE above=0 signal=-84 noise=9999 txrate=39000"}
2025-09-07T15:31:01+00:00	myapp.log	{"file":"/var/log/syslog","message":"Sep  7 21:01:01 cognitive wpa_supplicant[1193]: wlo1: CTRL-EVENT-REGDOM-CHANGE init=BEACON_HINT type=UNKNOWN"}
2025-09-07T15:31:41+00:00	myapp.log	{"file":"/var/log/syslog","message":"Sep  7 21:01:41 cognitive geary-autostart.desktop[3753]: *[wrn] 21:01:41.0685 Geary.Imap: [goa_account_1735473436_0] [imap] [closed:INBOX selected RW] GearyImapClientSession: Keepalive error: ---- noop: Disconnected"}
2025-09-07T15:32:04+00:00	myapp.log	{"file":"/var/log/syslog","message":"Sep  7 21:02:04 cognitive wpa_supplicant[1193]: wlo1: CTRL-EVENT-SIGNAL-CHANGE above=0 signal=0 noise=9999 txrate=52000"}
2025-09-07T15:32:17+00:00	myapp.log	{"file":"/var/log/syslog","message":"Sep  7 21:02:17 cognitive wpa_supplicant[1193]: wlo1: CTRL-EVENT-SIGNAL-CHANGE above=0 signal=-78 noise=9999 txrate=52000"}
2025-09-07T15:32:29+00:00	myapp.log	{"file":"/var/log/syslog","message":"Sep  7 21:02:29 cognitive wpa_supplicant[1193]: wlo1: CTRL-EVENT-SIGNAL-CHANGE above=0 signal=-83 noise=9999 txrate=26000"}
2025-09-07T15:33:26+00:00	myapp.log	{"file":"/var/log/syslog","message":"Sep  7 21:02:33 cognitive wpa_supplicant[1193]: wlo1: CTRL-EVENT-SIGNAL-CHANGE above=0 signal=-83 noise=9999 txrate=26000"}
2025-09-07T15:33:26+00:00	myapp.log	{"file":"/var/log/syslog","message":"Sep  7 21:03:26 cognitive wpa_supplicant[1193]: wlo1: CTRL-EVENT-SIGNAL-CHANGE above=0 signal=-84 noise=9999 txrate=26000"}
2025-09-07T15:34:12+00:00	myapp.log	{"file":"/var/log/syslog","message":"Sep  7 21:04:12 cognitive kernel: [272156.890603] [UFW BLOCK] IN=wlo1 OUT= MAC=01:00:5e:7f:ff:fa:c4:e9:0a:93:5a:01:08:00 SRC=192.168.1.2 DST=239.255.255.250 LEN=32 TOS=0x00 PREC=0xC0 TTL=1 ID=0 DF PROTO=2"}
2025-09-07T15:34:12+00:00	myapp.log	{"file":"/var/log/syslog","message":"Sep  7 21:04:12 cognitive kernel: [272156.893834] [UFW BLOCK] IN=wlo1 OUT= MAC=01:00:5e:7f:ff:fa:c4:e9:0a:93:5a:01:08:00 SRC=192.168.1.2 DST=239.255.255.250 LEN=32 TOS=0x00 PREC=0xC0 TTL=1 ID=0 DF PROTO=2"}
2025-09-07T15:34:12+00:00	myapp.log	{"file":"/var/log/syslog","message":"Sep  7 21:04:12 cognitive kernel: [272156.894128] [UFW BLOCK] IN=wlo1 OUT= MAC=01:00:5e:7f:ff:fa:c4:e9:0a:93:5a:01:08:00 SRC=192.168.1.2 DST=239.255.255.250 LEN=32 TOS=0x00 PREC=0xC0 TTL=1 ID=0 DF PROTO=2"}
2025-09-07T15:34:16+00:00	myapp.log	{"file":"/var/log/syslog","message":"Sep  7 21:04:16 cognitive kernel: [272161.088825] [UFW BLOCK] IN=wlo1 OUT= MAC=01:00:5e:7f:ff:fa:c4:e9:0a:93:5a:01:08:00 SRC=192.168.1.2 DST=239.255.255.250 LEN=32 TOS=0x00 PREC=0xC0 TTL=1 ID=0 DF PROTO=2"}
2025-09-07T15:34:16+00:00	myapp.log	{"file":"/var/log/syslog","message":"Sep  7 21:04:16 cognitive kernel: [272161.092470] [UFW BLOCK] IN=wlo1 OUT= MAC=01:00:5e:7f:ff:fa:c4:e9:0a:93:5a:01:08:00 SRC=192.168.1.2 DST=239.255.255.250 LEN=32 TOS=0x00 PREC=0xC0 TTL=1 ID=0 DF PROTO=2"}
2025-09-07T15:34:16+00:00	myapp.log	{"file":"/var/log/syslog","message":"Sep  7 21:04:16 cognitive kernel: [272161.092764] [UFW BLOCK] IN=wlo1 OUT= MAC=01:00:5e:7f:ff:fa:c4:e9:0a:93:5a:01:08:00 SRC=192.168.1.2 DST=239.255.255.250 LEN=32 TOS=0x00 PREC=0xC0 TTL=1 ID=0 DF PROTO=2"}
2025-09-07T15:34:18+00:00	myapp.log	{"file":"/var/log/syslog","message":"Sep  7 21:04:18 cognitive wpa_supplicant[1193]: wlo1: CTRL-EVENT-SIGNAL-CHANGE above=0 signal=-84 noise=9999 txrate=39000"}
2025-09-07T15:34:22+00:00	myapp.log	{"file":"/var/log/syslog","message":"Sep  7 21:04:22 cognitive kernel: [272167.030541] [UFW BLOCK] IN=wlo1 OUT= MAC=01:00:5e:7f:ff:fa:c4:e9:0a:93:5a:01:08:00 SRC=192.168.1.2 DST=239.255.255.250 LEN=32 TOS=0x00 PREC=0xC0 TTL=1 ID=0 DF PROTO=2"}
2025-09-07T15:34:22+00:00	myapp.log	{"file":"/var/log/syslog","message":"Sep  7 21:04:22 cognitive kernel: [272167.030569] [UFW BLOCK] IN=wlo1 OUT= MAC=01:00:5e:7f:ff:fa:c4:e9:0a:93:5a:01:08:00 SRC=192.168.1.2 DST=239.255.255.250 LEN=32 TOS=0x00 PREC=0xC0 TTL=1 ID=0 DF PROTO=2"}
2025-09-07T15:34:22+00:00	myapp.log	{"file":"/var/log/syslog","message":"Sep  7 21:04:22 cognitive kernel: [272167.030581] [UFW BLOCK] IN=wlo1 OUT= MAC=01:00:5e:7f:ff:fa:c4:e9:0a:93:5a:01:08:00 SRC=192.168.1.2 DST=239.255.255.250 LEN=32 TOS=0x00 PREC=0xC0 TTL=1 ID=0 DF PROTO=2"}
2025-09-07T15:35:01+00:00	myapp.log	{"file":"/var/log/syslog","message":"Sep  7 21:05:01 cognitive CRON[223710]: (root) CMD (command -v debian-sa1 > /dev/null && debian-sa1 1 1)"}
2025-09-07T15:35:16+00:00	myapp.log	{"file":"/var/log/syslog","message":"Sep  7 21:05:16 cognitive wpa_supplicant[1193]: wlo1: CTRL-EVENT-SIGNAL-CHANGE above=0 signal=-83 noise=9999 txrate=39000"}
2025-09-07T15:36:37+00:00	myapp.log	{"file":"/var/log/syslog","message":"Sep  7 21:06:37 cognitive kernel: [272301.991745] [UFW BLOCK] IN=wlo1 OUT= MAC=01:00:5e:7f:ff:fa:42:cb:93:d3:df:d4:08:00 SRC=192.168.1.5 DST=239.255.255.250 LEN=32 TOS=0x00 PREC=0xC0 TTL=1 ID=0 DF PROTO=2"}
2025-09-07T15:36:37+00:00	myapp.log	{"file":"/var/log/syslog","message":"Sep  7 21:06:37 cognitive kernel: [272301.995090] [UFW BLOCK] IN=wlo1 OUT= MAC=01:00:5e:7f:ff:fa:42:cb:93:d3:df:d4:08:00 SRC=192.168.1.5 DST=239.255.255.250 LEN=32 TOS=0x00 PREC=0xC0 TTL=1 ID=0 DF PROTO=2"}
2025-09-07T15:36:42+00:00	myapp.log	{"file":"/var/log/syslog","message":"Sep  7 21:06:42 cognitive kernel: [272306.764016] audit: type=1400 audit(1757259402.047:2349): apparmor=\"DENIED\" operation=\"open\" class=\"file\" profile=\"snap.spotify.spotify\" name=\"/proc/pressure/cpu\" pid=221782 comm=\"ThreadPoolForeg\" requested_mask=\"r\" denied_mask=\"r\" fsuid=1000 ouid=0"}
2025-09-07T15:36:42+00:00	myapp.log	{"file":"/var/log/syslog","message":"Sep  7 21:06:42 cognitive kernel: [272306.764031] audit: type=1400 audit(1757259402.047:2350): apparmor=\"DENIED\" operation=\"open\" class=\"file\" profile=\"snap.spotify.spotify\" name=\"/proc/pressure/io\" pid=221782 comm=\"ThreadPoolForeg\" requested_mask=\"r\" denied_mask=\"r\" fsuid=1000 ouid=0"}
2025-09-07T15:36:42+00:00	myapp.log	{"file":"/var/log/syslog","message":"Sep  7 21:06:42 cognitive kernel: [272306.764037] audit: type=1400 audit(1757259402.047:2351): apparmor=\"DENIED\" operation=\"open\" class=\"file\" profile=\"snap.spotify.spotify\" name=\"/proc/pressure/memory\" pid=221782 comm=\"ThreadPoolForeg\" requested_mask=\"r\" denied_mask=\"r\" fsuid=1000 ouid=0"}
2025-09-07T15:36:43+00:00	myapp.log	{"file":"/var/log/syslog","message":"Sep  7 21:06:43 cognitive kernel: [272308.135500] [UFW BLOCK] IN=wlo1 OUT= MAC=01:00:5e:7f:ff:fa:42:cb:93:d3:df:d4:08:00 SRC=192.168.1.5 DST=239.255.255.250 LEN=32 TOS=0x00 PREC=0xC0 TTL=1 ID=0 DF PROTO=2"}
2025-09-07T15:36:53+00:00	myapp.log	{"file":"/var/log/syslog","message":"Sep  7 21:06:53 cognitive kernel: [272318.069544] audit: type=1107 audit(1757259413.354:2352): pid=1103 uid=102 auid=4294967295 ses=4294967295 subj=unconfined msg='apparmor=\"DENIED\" operation=\"dbus_signal\"  bus=\"system\" path=\"/org/freedesktop/NetworkManager\" interface=\"org.freedesktop.NetworkManager\" member=\"StateChanged\" name=\":1.13\" mask=\"receive\" pid=221782 label=\"snap.spotify.spotify\" peer_pid=1248 peer_label=\"unconfined\""}
2025-09-07T15:36:53+00:00	myapp.log	{"file":"/var/log/syslog","message":"Sep  7 21:06:53 cognitive kernel: [272318.069544]  exe=\"/usr/bin/dbus-daemon\" sauid=102 hostname=? addr=? terminal=?'"}
2025-09-07T15:36:53+00:00	myapp.log	{"file":"/var/log/syslog","message":"Sep  7 21:06:53 cognitive NetworkManager[1248]: <info>  [1757259413.3503] manager: NetworkManager state is now CONNECTED_SITE"}
2025-09-07T15:36:53+00:00	myapp.log	{"file":"/var/log/syslog","message":"Sep  7 21:06:53 cognitive dbus-daemon[1103]: [system] Activating via systemd: service name='org.freedesktop.nm_dispatcher' unit='dbus-org.freedesktop.nm-dispatcher.service' requested by ':1.13' (uid=0 pid=1248 comm=\"/usr/sbin/NetworkManager --no-daemon \" label=\"unconfined\")"}
2025-09-07T15:36:53+00:00	myapp.log	{"file":"/var/log/syslog","message":"Sep  7 21:06:53 cognitive systemd[1]: Starting Network Manager Script Dispatcher Service..."}
2025-09-07T15:36:53+00:00	myapp.log	{"file":"/var/log/syslog","message":"Sep  7 21:06:53 cognitive dbus-daemon[1103]: [system] Successfully activated service 'org.freedesktop.nm_dispatcher'"}
2025-09-07T15:36:53+00:00	myapp.log	{"file":"/var/log/syslog","message":"Sep  7 21:06:53 cognitive systemd[1]: Started Network Manager Script Dispatcher Service."}
2025-09-07T15:36:56+00:00	myapp.log	{"file":"/var/log/syslog","message":"Sep  7 21:06:56 cognitive NetworkManager[1248]: <info>  [1757259416.7682] manager: NetworkManager state is now CONNECTED_GLOBAL"}
2025-09-07T15:36:56+00:00	myapp.log	{"file":"/var/log/syslog","message":"Sep  7 21:06:56 cognitive kernel: [272321.487012] audit: type=1107 audit(1757259416.771:2353): pid=1103 uid=102 auid=4294967295 ses=4294967295 subj=unconfined msg='apparmor=\"DENIED\" operation=\"dbus_signal\"  bus=\"system\" path=\"/org/freedesktop/NetworkManager\" interface=\"org.freedesktop.NetworkManager\" member=\"StateChanged\" name=\":1.13\" mask=\"receive\" pid=221782 label=\"snap.spotify.spotify\" peer_pid=1248 peer_label=\"unconfined\""}
2025-09-07T15:36:56+00:00	myapp.log	{"file":"/var/log/syslog","message":"Sep  7 21:06:56 cognitive kernel: [272321.487012]  exe=\"/usr/bin/dbus-daemon\" sauid=102 hostname=? addr=? terminal=?'"}
2025-09-07T15:37:06+00:00	myapp.log	{"file":"/var/log/syslog","message":"Sep  7 21:07:06 cognitive systemd[1]: NetworkManager-dispatcher.service: Deactivated successfully."}
2025-09-07T15:38:58+00:00	myapp.log	{"file":"/var/log/syslog","message":"Sep  7 21:08:58 cognitive wpa_supplicant[1193]: wlo1: CTRL-EVENT-SIGNAL-CHANGE above=0 signal=-84 noise=9999 txrate=52000"}
2025-09-07T15:39:49+00:00	myapp.log	{"file":"/var/log/syslog","message":"Sep  7 21:09:49 cognitive wpa_supplicant[1193]: wlo1: CTRL-EVENT-SIGNAL-CHANGE above=0 signal=-84 noise=9999 txrate=39000"}
2025-09-07T15:40:31+00:00	myapp.log	{"file":"/var/log/syslog","message":"Sep  7 21:10:31 cognitive update-notifier[8249]: gtk_widget_get_scale_factor: assertion 'GTK_IS_WIDGET (widget)' failed"}
2025-09-07T15:40:59+00:00	myapp.log	{"file":"/var/log/syslog","message":"Sep  7 21:10:31 cognitive update-notifier[8249]: gtk_widget_get_scale_factor: assertion 'GTK_IS_WIDGET (widget)' failed"}
2025-09-07T15:40:59+00:00	myapp.log	{"file":"/var/log/syslog","message":"Sep  7 21:10:59 cognitive wpa_supplicant[1193]: wlo1: CTRL-EVENT-SIGNAL-CHANGE above=0 signal=0 noise=9999 txrate=52000"}
2025-09-07T15:41:21+00:00	myapp.log	{"file":"/var/log/syslog","message":"Sep  7 21:11:21 cognitive wpa_supplicant[1193]: wlo1: CTRL-EVENT-SIGNAL-CHANGE above=0 signal=-88 noise=9999 txrate=52000"}
2025-09-07T15:41:27+00:00	myapp.log	{"file":"/var/log/syslog","message":"Sep  7 21:11:27 cognitive wpa_supplicant[1193]: wlo1: CTRL-EVENT-SIGNAL-CHANGE above=0 signal=-79 noise=9999 txrate=39000"}
2025-09-07T15:41:48+00:00	myapp.log	{"file":"/var/log/syslog","message":"Sep  7 21:11:48 cognitive geary-autostart.desktop[3753]: *[wrn] 21:11:48.0676 Geary.Imap: [goa_account_1735473436_0] [imap] [closed:INBOX selected RW] GearyImapClientSession: Keepalive error: ---- noop: Disconnected"}
2025-09-07T15:41:57+00:00	myapp.log	{"file":"/var/log/syslog","message":"Sep  7 21:11:57 cognitive dbus-daemon[3313]: apparmor=\"DENIED\" operation=\"dbus_signal\"  bus=\"session\" path=\"/org/gnome/ScreenSaver\" interface=\"org.gnome.ScreenSaver\" member=\"WakeUpScreen\" name=\":1.88\" mask=\"receive\" pid=221782 label=\"snap.spotify.spotify\" peer_pid=3926 peer_label=\"unconfined\""}
2025-09-07T15:42:00+00:00	myapp.log	{"file":"/var/log/syslog","message":"Sep  7 21:12:00 cognitive dbus-daemon[1103]: [system] Activating via systemd: service name='net.reactivated.Fprint' unit='fprintd.service' requested by ':1.89' (uid=1000 pid=3471 comm=\"/usr/bin/gnome-shell \" label=\"unconfined\")"}
2025-09-07T15:42:00+00:00	myapp.log	{"file":"/var/log/syslog","message":"Sep  7 21:12:00 cognitive systemd[1]: Starting Fingerprint Authentication Daemon..."}
2025-09-07T15:42:00+00:00	myapp.log	{"file":"/var/log/syslog","message":"Sep  7 21:12:00 cognitive dbus-daemon[1103]: [system] Successfully activated service 'net.reactivated.Fprint'"}
2025-09-07T15:42:00+00:00	myapp.log	{"file":"/var/log/syslog","message":"Sep  7 21:12:00 cognitive systemd[1]: Started Fingerprint Authentication Daemon."}
2025-09-07T15:42:00+00:00	myapp.log	{"file":"/var/log/syslog","message":"Sep  7 21:12:00 cognitive gnome-shell[3471]: JS ERROR: Failed to initialize fprintd service: Gio.IOErrorEnum: GDBus.Error:net.reactivated.Fprint.Error.NoSuchDevice: No devices available#012asyncCallback@resource:///org/gnome/gjs/modules/core/overrides/Gio.js:114:23"}
2025-09-07T15:42:01+00:00	myapp.log	{"file":"/var/log/syslog","message":"Sep  7 21:12:01 cognitive dbus-daemon[3313]: [session uid=1000 pid=3313] Activating service name='org.freedesktop.FileManager1' requested by ':1.29' (uid=1000 pid=3471 comm=\"/usr/bin/gnome-shell \" label=\"unconfined\")"}
2025-09-07T15:42:01+00:00	myapp.log	{"file":"/var/log/syslog","message":"Sep  7 21:12:01 cognitive dbus-daemon[3313]: apparmor=\"DENIED\" operation=\"dbus_signal\"  bus=\"session\" path=\"/org/gnome/ScreenSaver\" interface=\"org.gnome.ScreenSaver\" member=\"WakeUpScreen\" name=\":1.88\" mask=\"receive\" pid=221782 label=\"snap.spotify.spotify\" peer_pid=3926 peer_label=\"unconfined\""}
2025-09-07T15:42:01+00:00	myapp.log	{"file":"/var/log/syslog","message":"Sep  7 21:12:01 cognitive NetworkManager[1248]: <info>  [1757259721.2252] agent-manager: agent[fcea75ae21e0b97c,:1.89/org.gnome.Shell.NetworkAgent/1000]: agent registered"}
2025-09-07T15:42:01+00:00	myapp.log	{"file":"/var/log/syslog","message":"Sep  7 21:12:01 cognitive ubuntu-appindicators@ubuntu.com[3471]: unable to update icon for software-update-available"}
2025-09-07T15:42:01+00:00	myapp.log	{"file":"/var/log/syslog","message":"Sep  7 21:12:01 cognitive ubuntu-appindicators@ubuntu.com[3471]: unable to update icon for livepatch"}
2025-09-07T15:42:01+00:00	myapp.log	{"file":"/var/log/syslog","message":"Sep  7 21:12:01 cognitive ubuntu-appindicators@ubuntu.com[3471]: unable to update icon for spotify-client"}
2025-09-07T15:42:01+00:00	myapp.log	{"file":"/var/log/syslog","message":"Sep  7 21:12:01 cognitive dbus-daemon[3313]: [session uid=1000 pid=3313] Successfully activated service 'org.freedesktop.FileManager1'"}
2025-09-07T15:42:01+00:00	myapp.log	{"file":"/var/log/syslog","message":"Sep  7 21:12:01 cognitive dbus-daemon[3313]: [session uid=1000 pid=3313] Activating service name='org.gnome.ArchiveManager1' requested by ':1.7615' (uid=1000 pid=223819 comm=\"gjs /usr/share/gnome-shell/extensions/ding@rasters\" label=\"unconfined\")"}
2025-09-07T15:42:01+00:00	myapp.log	{"file":"/var/log/syslog","message":"Sep  7 21:12:01 cognitive gnome-shell[3471]: Window manager warning: Overwriting existing binding of keysym 31 with keysym 31 (keycode a)."}
2025-09-07T15:42:01+00:00	myapp.log	{"file":"/var/log/syslog","message":"Sep  7 21:12:01 cognitive gnome-shell[3471]: Window manager warning: Overwriting existing binding of keysym 32 with keysym 32 (keycode b)."}
2025-09-07T15:42:01+00:00	myapp.log	{"file":"/var/log/syslog","message":"Sep  7 21:12:01 cognitive gnome-shell[3471]: Window manager warning: Overwriting existing binding of keysym 33 with keysym 33 (keycode c)."}
2025-09-07T15:42:01+00:00	myapp.log	{"file":"/var/log/syslog","message":"Sep  7 21:12:01 cognitive gnome-shell[3471]: Window manager warning: Overwriting existing binding of keysym 34 with keysym 34 (keycode d)."}
2025-09-07T15:42:01+00:00	myapp.log	{"file":"/var/log/syslog","message":"Sep  7 21:12:01 cognitive gnome-shell[3471]: Window manager warning: Overwriting existing binding of keysym 35 with keysym 35 (keycode e)."}
2025-09-07T15:42:01+00:00	myapp.log	{"file":"/var/log/syslog","message":"Sep  7 21:12:01 cognitive gnome-shell[3471]: Window manager warning: Overwriting existing binding of keysym 36 with keysym 36 (keycode f)."}
2025-09-07T15:42:01+00:00	myapp.log	{"file":"/var/log/syslog","message":"Sep  7 21:12:01 cognitive gnome-shell[3471]: Window manager warning: Overwriting existing binding of keysym 37 with keysym 37 (keycode 10)."}
2025-09-07T15:42:01+00:00	myapp.log	{"file":"/var/log/syslog","message":"Sep  7 21:12:01 cognitive gnome-shell[3471]: Window manager warning: Overwriting existing binding of keysym 39 with keysym 39 (keycode 12)."}
2025-09-07T15:42:01+00:00	myapp.log	{"file":"/var/log/syslog","message":"Sep  7 21:12:01 cognitive gnome-shell[3471]: Window manager warning: Overwriting existing binding of keysym 38 with keysym 38 (keycode 11)."}
2025-09-07T15:42:01+00:00	myapp.log	{"file":"/var/log/syslog","message":"Sep  7 21:12:01 cognitive dbus-daemon[3313]: [session uid=1000 pid=3313] Successfully activated service 'org.gnome.ArchiveManager1'"}
2025-09-07T15:42:01+00:00	myapp.log	{"file":"/var/log/syslog","message":"Sep  7 21:12:01 cognitive gnome-shell[3471]: DING: Detected async api for thumbnails"}
2025-09-07T15:42:02+00:00	myapp.log	{"file":"/var/log/syslog","message":"Sep  7 21:12:02 cognitive gnome-shell[3471]: DING: GNOME nautilus 42.6"}
2025-09-07T15:42:11+00:00	myapp.log	{"file":"/var/log/syslog","message":"Sep  7 21:12:11 cognitive nautilus[223812]: Could not delete '.meta.isrunning': No such file or directory"}
2025-09-07T15:42:19+00:00	myapp.log	{"file":"/var/log/syslog","message":"Sep  7 21:12:19 cognitive gsd-media-keys[16611]: warning(stream): unimplemented OSC callback: terminal.osc.Command{ .end_of_command = terminal.osc.Command.Command__struct_91272{ .exit_code = 1 } }"}
2025-09-07T15:42:19+00:00	myapp.log	{"file":"/var/log/syslog","message":"Sep  7 21:12:19 cognitive gsd-media-keys[16611]: warning(stream): unimplemented OSC command: end_of_command"}
2025-09-07T15:42:19+00:00	myapp.log	{"file":"/var/log/syslog","message":"Sep  7 21:12:19 cognitive gsd-media-keys[16611]: warning(stream): unimplemented OSC callback: terminal.osc.Command{ .end_of_command = terminal.osc.Command.Command__struct_91272{ .exit_code = null } }"}
2025-09-07T15:42:19+00:00	myapp.log	{"file":"/var/log/syslog","message":"Sep  7 21:12:19 cognitive gsd-media-keys[16611]: warning(stream): unimplemented OSC command: end_of_command"}
2025-09-07T15:42:29+00:00	myapp.log	{"file":"/var/log/syslog","message":"Sep  7 21:12:29 cognitive gsd-media-keys[16611]: warning(gtk): unimplemented action=apprt.action.Action.Key.key_sequence"}
2025-09-07T15:42:30+00:00	myapp.log	{"file":"/var/log/syslog","message":"Sep  7 21:12:30 cognitive gsd-media-keys[16611]: warning(gtk): unimplemented action=apprt.action.Action.Key.key_sequence"}
2025-09-07T15:42:30+00:00	myapp.log	{"file":"/var/log/syslog","message":"Sep  7 21:12:30 cognitive systemd[1]: fprintd.service: Deactivated successfully."}
2025-09-07T15:42:32+00:00	myapp.log	{"file":"/var/log/syslog","message":"Sep  7 21:12:32 cognitive gsd-media-keys[16611]: warning(gtk): unimplemented action=apprt.action.Action.Key.key_sequence"}
